<<<<<<< HEAD
<<<<<<< HEAD
2022-11-30 00:01:12,694 INFO 10192 [egg-schedule]: register schedule C:\Users\qxy\Desktop\xiaomiyoupin\youpin\youpin_server\node_modules\egg-multipart\app\schedule\clean_tmpdir.js
2022-11-30 00:01:12,694 INFO 10192 [egg-schedule]: register schedule C:\Users\qxy\Desktop\xiaomiyoupin\youpin\youpin_server\node_modules\egg-logrotator\app\schedule\clean_log.js
2022-11-30 00:01:12,695 INFO 10192 [egg-schedule]: register schedule C:\Users\qxy\Desktop\xiaomiyoupin\youpin\youpin_server\node_modules\egg-logrotator\app\schedule\rotate_by_file.js
2022-11-30 00:04:23,553 INFO 3312 [egg-schedule]: register schedule C:\Users\qxy\Desktop\xiaomiyoupin\youpin\youpin_server\node_modules\egg-multipart\app\schedule\clean_tmpdir.js
2022-11-30 00:04:23,553 INFO 3312 [egg-schedule]: register schedule C:\Users\qxy\Desktop\xiaomiyoupin\youpin\youpin_server\node_modules\egg-logrotator\app\schedule\clean_log.js
2022-11-30 00:04:23,553 INFO 3312 [egg-schedule]: register schedule C:\Users\qxy\Desktop\xiaomiyoupin\youpin\youpin_server\node_modules\egg-logrotator\app\schedule\rotate_by_file.js
2022-11-30 00:06:28,887 INFO 17716 [egg-schedule]: register schedule C:\Users\qxy\Desktop\xiaomiyoupin\youpin\youpin_server\node_modules\egg-multipart\app\schedule\clean_tmpdir.js
2022-11-30 00:06:28,887 INFO 17716 [egg-schedule]: register schedule C:\Users\qxy\Desktop\xiaomiyoupin\youpin\youpin_server\node_modules\egg-logrotator\app\schedule\clean_log.js
2022-11-30 00:06:28,887 INFO 17716 [egg-schedule]: register schedule C:\Users\qxy\Desktop\xiaomiyoupin\youpin\youpin_server\node_modules\egg-logrotator\app\schedule\rotate_by_file.js
=======
>>>>>>> be64f754db17ac1ea915f0257a57eb384be5027b
2022-11-30 08:59:34,019 INFO 11696 [egg-schedule]: register schedule C:\Users\qxy\Desktop\xiaomiyoupin\youpin\youpin_server\node_modules\egg-multipart\app\schedule\clean_tmpdir.js
2022-11-30 08:59:34,019 INFO 11696 [egg-schedule]: register schedule C:\Users\qxy\Desktop\xiaomiyoupin\youpin\youpin_server\node_modules\egg-logrotator\app\schedule\clean_log.js
2022-11-30 08:59:34,019 INFO 11696 [egg-schedule]: register schedule C:\Users\qxy\Desktop\xiaomiyoupin\youpin\youpin_server\node_modules\egg-logrotator\app\schedule\rotate_by_file.js
2022-11-30 08:59:34,415 INFO 20872 [Timer] C:\Users\qxy\Desktop\xiaomiyoupin\youpin\youpin_server\node_modules\egg-multipart\app\schedule\clean_tmpdir.js next time will execute after 70225590ms at 2022-12-01 04:30:00.005
2022-11-30 08:59:34,415 INFO 20872 [Timer] C:\Users\qxy\Desktop\xiaomiyoupin\youpin\youpin_server\node_modules\egg-logrotator\app\schedule\clean_log.js next time will execute after 54025585ms at 2022-12-01 00:00:00.000
2022-11-30 08:59:34,416 INFO 20872 [Timer] C:\Users\qxy\Desktop\xiaomiyoupin\youpin\youpin_server\node_modules\egg-logrotator\app\schedule\rotate_by_file.js next time will execute after 54026585ms at 2022-12-01 00:00:01.001
2022-11-30 09:17:52,409 INFO 3988 [egg-schedule]: register schedule C:\Users\qxy\Desktop\xiaomiyoupin\youpin\youpin_server\node_modules\egg-multipart\app\schedule\clean_tmpdir.js
2022-11-30 09:17:52,409 INFO 3988 [egg-schedule]: register schedule C:\Users\qxy\Desktop\xiaomiyoupin\youpin\youpin_server\node_modules\egg-logrotator\app\schedule\clean_log.js
2022-11-30 09:17:52,410 INFO 3988 [egg-schedule]: register schedule C:\Users\qxy\Desktop\xiaomiyoupin\youpin\youpin_server\node_modules\egg-logrotator\app\schedule\rotate_by_file.js
=======
2022-11-30 01:17:08,393 INFO 1140 [egg-schedule]: register schedule C:\Users\admin\OneDrive\桌面\reax\youpin\youpin_server\node_modules\egg-multipart\app\schedule\clean_tmpdir.js
2022-11-30 01:17:08,393 INFO 1140 [egg-schedule]: register schedule C:\Users\admin\OneDrive\桌面\reax\youpin\youpin_server\node_modules\egg-logrotator\app\schedule\clean_log.js
2022-11-30 01:17:08,393 INFO 1140 [egg-schedule]: register schedule C:\Users\admin\OneDrive\桌面\reax\youpin\youpin_server\node_modules\egg-logrotator\app\schedule\rotate_by_file.js
2022-11-30 01:17:12,029 INFO 14292 [egg-schedule]: register schedule C:\Users\admin\OneDrive\桌面\reax\youpin\youpin_server\node_modules\egg-multipart\app\schedule\clean_tmpdir.js
2022-11-30 01:17:12,029 INFO 14292 [egg-schedule]: register schedule C:\Users\admin\OneDrive\桌面\reax\youpin\youpin_server\node_modules\egg-logrotator\app\schedule\clean_log.js
2022-11-30 01:17:12,030 INFO 14292 [egg-schedule]: register schedule C:\Users\admin\OneDrive\桌面\reax\youpin\youpin_server\node_modules\egg-logrotator\app\schedule\rotate_by_file.js
2022-11-30 01:17:23,300 INFO 9688 [egg-schedule]: register schedule C:\Users\admin\OneDrive\桌面\reax\youpin\youpin_server\node_modules\egg-multipart\app\schedule\clean_tmpdir.js
2022-11-30 01:17:23,300 INFO 9688 [egg-schedule]: register schedule C:\Users\admin\OneDrive\桌面\reax\youpin\youpin_server\node_modules\egg-logrotator\app\schedule\clean_log.js
2022-11-30 01:17:23,301 INFO 9688 [egg-schedule]: register schedule C:\Users\admin\OneDrive\桌面\reax\youpin\youpin_server\node_modules\egg-logrotator\app\schedule\rotate_by_file.js
2022-11-30 01:17:27,729 INFO 6864 [egg-schedule]: register schedule C:\Users\admin\OneDrive\桌面\reax\youpin\youpin_server\node_modules\egg-multipart\app\schedule\clean_tmpdir.js
2022-11-30 01:17:27,729 INFO 6864 [egg-schedule]: register schedule C:\Users\admin\OneDrive\桌面\reax\youpin\youpin_server\node_modules\egg-logrotator\app\schedule\clean_log.js
2022-11-30 01:17:27,730 INFO 6864 [egg-schedule]: register schedule C:\Users\admin\OneDrive\桌面\reax\youpin\youpin_server\node_modules\egg-logrotator\app\schedule\rotate_by_file.js
2022-11-30 01:17:31,133 INFO 3456 [egg-schedule]: register schedule C:\Users\admin\OneDrive\桌面\reax\youpin\youpin_server\node_modules\egg-multipart\app\schedule\clean_tmpdir.js
2022-11-30 01:17:31,133 INFO 3456 [egg-schedule]: register schedule C:\Users\admin\OneDrive\桌面\reax\youpin\youpin_server\node_modules\egg-logrotator\app\schedule\clean_log.js
2022-11-30 01:17:31,134 INFO 3456 [egg-schedule]: register schedule C:\Users\admin\OneDrive\桌面\reax\youpin\youpin_server\node_modules\egg-logrotator\app\schedule\rotate_by_file.js
2022-11-30 01:17:35,091 INFO 12792 [egg-schedule]: register schedule C:\Users\admin\OneDrive\桌面\reax\youpin\youpin_server\node_modules\egg-multipart\app\schedule\clean_tmpdir.js
2022-11-30 01:17:35,091 INFO 12792 [egg-schedule]: register schedule C:\Users\admin\OneDrive\桌面\reax\youpin\youpin_server\node_modules\egg-logrotator\app\schedule\clean_log.js
2022-11-30 01:17:35,092 INFO 12792 [egg-schedule]: register schedule C:\Users\admin\OneDrive\桌面\reax\youpin\youpin_server\node_modules\egg-logrotator\app\schedule\rotate_by_file.js
2022-11-30 01:17:41,306 INFO 8200 [egg-schedule]: register schedule C:\Users\admin\OneDrive\桌面\reax\youpin\youpin_server\node_modules\egg-multipart\app\schedule\clean_tmpdir.js
2022-11-30 01:17:41,306 INFO 8200 [egg-schedule]: register schedule C:\Users\admin\OneDrive\桌面\reax\youpin\youpin_server\node_modules\egg-logrotator\app\schedule\clean_log.js
2022-11-30 01:17:41,306 INFO 8200 [egg-schedule]: register schedule C:\Users\admin\OneDrive\桌面\reax\youpin\youpin_server\node_modules\egg-logrotator\app\schedule\rotate_by_file.js
2022-11-30 01:17:50,378 INFO 7968 [egg-schedule]: register schedule C:\Users\admin\OneDrive\桌面\reax\youpin\youpin_server\node_modules\egg-multipart\app\schedule\clean_tmpdir.js
2022-11-30 01:17:50,378 INFO 7968 [egg-schedule]: register schedule C:\Users\admin\OneDrive\桌面\reax\youpin\youpin_server\node_modules\egg-logrotator\app\schedule\clean_log.js
2022-11-30 01:17:50,379 INFO 7968 [egg-schedule]: register schedule C:\Users\admin\OneDrive\桌面\reax\youpin\youpin_server\node_modules\egg-logrotator\app\schedule\rotate_by_file.js
2022-11-30 01:17:54,839 INFO 716 [egg-schedule]: register schedule C:\Users\admin\OneDrive\桌面\reax\youpin\youpin_server\node_modules\egg-multipart\app\schedule\clean_tmpdir.js
2022-11-30 01:17:54,839 INFO 716 [egg-schedule]: register schedule C:\Users\admin\OneDrive\桌面\reax\youpin\youpin_server\node_modules\egg-logrotator\app\schedule\clean_log.js
2022-11-30 01:17:54,840 INFO 716 [egg-schedule]: register schedule C:\Users\admin\OneDrive\桌面\reax\youpin\youpin_server\node_modules\egg-logrotator\app\schedule\rotate_by_file.js
2022-11-30 02:30:49,474 INFO 12656 [egg-schedule]: register schedule C:\Users\admin\OneDrive\桌面\reax\youpin\youpin_server\node_modules\egg-multipart\app\schedule\clean_tmpdir.js
2022-11-30 02:30:49,474 INFO 12656 [egg-schedule]: register schedule C:\Users\admin\OneDrive\桌面\reax\youpin\youpin_server\node_modules\egg-logrotator\app\schedule\clean_log.js
2022-11-30 02:30:49,474 INFO 12656 [egg-schedule]: register schedule C:\Users\admin\OneDrive\桌面\reax\youpin\youpin_server\node_modules\egg-logrotator\app\schedule\rotate_by_file.js
2022-11-30 02:30:53,994 INFO 14148 [egg-schedule]: register schedule C:\Users\admin\OneDrive\桌面\reax\youpin\youpin_server\node_modules\egg-multipart\app\schedule\clean_tmpdir.js
2022-11-30 02:30:53,994 INFO 14148 [egg-schedule]: register schedule C:\Users\admin\OneDrive\桌面\reax\youpin\youpin_server\node_modules\egg-logrotator\app\schedule\clean_log.js
2022-11-30 02:30:53,994 INFO 14148 [egg-schedule]: register schedule C:\Users\admin\OneDrive\桌面\reax\youpin\youpin_server\node_modules\egg-logrotator\app\schedule\rotate_by_file.js
2022-11-30 02:31:01,258 INFO 3032 [egg-schedule]: register schedule C:\Users\admin\OneDrive\桌面\reax\youpin\youpin_server\node_modules\egg-multipart\app\schedule\clean_tmpdir.js
2022-11-30 02:31:01,258 INFO 3032 [egg-schedule]: register schedule C:\Users\admin\OneDrive\桌面\reax\youpin\youpin_server\node_modules\egg-logrotator\app\schedule\clean_log.js
2022-11-30 02:31:01,258 INFO 3032 [egg-schedule]: register schedule C:\Users\admin\OneDrive\桌面\reax\youpin\youpin_server\node_modules\egg-logrotator\app\schedule\rotate_by_file.js
2022-11-30 02:31:09,537 INFO 5236 [egg-schedule]: register schedule C:\Users\admin\OneDrive\桌面\reax\youpin\youpin_server\node_modules\egg-multipart\app\schedule\clean_tmpdir.js
2022-11-30 02:31:09,537 INFO 5236 [egg-schedule]: register schedule C:\Users\admin\OneDrive\桌面\reax\youpin\youpin_server\node_modules\egg-logrotator\app\schedule\clean_log.js
2022-11-30 02:31:09,537 INFO 5236 [egg-schedule]: register schedule C:\Users\admin\OneDrive\桌面\reax\youpin\youpin_server\node_modules\egg-logrotator\app\schedule\rotate_by_file.js
2022-11-30 02:31:14,729 INFO 7036 [egg-schedule]: register schedule C:\Users\admin\OneDrive\桌面\reax\youpin\youpin_server\node_modules\egg-multipart\app\schedule\clean_tmpdir.js
2022-11-30 02:31:14,729 INFO 7036 [egg-schedule]: register schedule C:\Users\admin\OneDrive\桌面\reax\youpin\youpin_server\node_modules\egg-logrotator\app\schedule\clean_log.js
2022-11-30 02:31:14,729 INFO 7036 [egg-schedule]: register schedule C:\Users\admin\OneDrive\桌面\reax\youpin\youpin_server\node_modules\egg-logrotator\app\schedule\rotate_by_file.js
2022-11-30 02:31:19,592 INFO 8244 [egg-schedule]: register schedule C:\Users\admin\OneDrive\桌面\reax\youpin\youpin_server\node_modules\egg-multipart\app\schedule\clean_tmpdir.js
2022-11-30 02:31:19,592 INFO 8244 [egg-schedule]: register schedule C:\Users\admin\OneDrive\桌面\reax\youpin\youpin_server\node_modules\egg-logrotator\app\schedule\clean_log.js
2022-11-30 02:31:19,593 INFO 8244 [egg-schedule]: register schedule C:\Users\admin\OneDrive\桌面\reax\youpin\youpin_server\node_modules\egg-logrotator\app\schedule\rotate_by_file.js
2022-11-30 02:31:22,678 INFO 12632 [egg-schedule]: register schedule C:\Users\admin\OneDrive\桌面\reax\youpin\youpin_server\node_modules\egg-multipart\app\schedule\clean_tmpdir.js
2022-11-30 02:31:22,678 INFO 12632 [egg-schedule]: register schedule C:\Users\admin\OneDrive\桌面\reax\youpin\youpin_server\node_modules\egg-logrotator\app\schedule\clean_log.js
2022-11-30 02:31:22,678 INFO 12632 [egg-schedule]: register schedule C:\Users\admin\OneDrive\桌面\reax\youpin\youpin_server\node_modules\egg-logrotator\app\schedule\rotate_by_file.js
2022-11-30 02:31:48,291 INFO 6252 [egg-schedule]: register schedule C:\Users\admin\OneDrive\桌面\reax\youpin\youpin_server\node_modules\egg-multipart\app\schedule\clean_tmpdir.js
2022-11-30 02:31:48,291 INFO 6252 [egg-schedule]: register schedule C:\Users\admin\OneDrive\桌面\reax\youpin\youpin_server\node_modules\egg-logrotator\app\schedule\clean_log.js
2022-11-30 02:31:48,291 INFO 6252 [egg-schedule]: register schedule C:\Users\admin\OneDrive\桌面\reax\youpin\youpin_server\node_modules\egg-logrotator\app\schedule\rotate_by_file.js
2022-11-30 02:32:41,211 INFO 13480 [egg-schedule]: register schedule C:\Users\admin\OneDrive\桌面\reax\youpin\youpin_server\node_modules\egg-multipart\app\schedule\clean_tmpdir.js
2022-11-30 02:32:41,211 INFO 13480 [egg-schedule]: register schedule C:\Users\admin\OneDrive\桌面\reax\youpin\youpin_server\node_modules\egg-logrotator\app\schedule\clean_log.js
2022-11-30 02:32:41,211 INFO 13480 [egg-schedule]: register schedule C:\Users\admin\OneDrive\桌面\reax\youpin\youpin_server\node_modules\egg-logrotator\app\schedule\rotate_by_file.js
2022-11-30 02:32:44,037 INFO 13964 [egg-schedule]: register schedule C:\Users\admin\OneDrive\桌面\reax\youpin\youpin_server\node_modules\egg-multipart\app\schedule\clean_tmpdir.js
2022-11-30 02:32:44,038 INFO 13964 [egg-schedule]: register schedule C:\Users\admin\OneDrive\桌面\reax\youpin\youpin_server\node_modules\egg-logrotator\app\schedule\clean_log.js
2022-11-30 02:32:44,040 INFO 13964 [egg-schedule]: register schedule C:\Users\admin\OneDrive\桌面\reax\youpin\youpin_server\node_modules\egg-logrotator\app\schedule\rotate_by_file.js
2022-11-30 02:32:51,143 INFO 1556 [egg-schedule]: register schedule C:\Users\admin\OneDrive\桌面\reax\youpin\youpin_server\node_modules\egg-multipart\app\schedule\clean_tmpdir.js
2022-11-30 02:32:51,144 INFO 1556 [egg-schedule]: register schedule C:\Users\admin\OneDrive\桌面\reax\youpin\youpin_server\node_modules\egg-logrotator\app\schedule\clean_log.js
2022-11-30 02:32:51,144 INFO 1556 [egg-schedule]: register schedule C:\Users\admin\OneDrive\桌面\reax\youpin\youpin_server\node_modules\egg-logrotator\app\schedule\rotate_by_file.js
2022-11-30 02:32:55,732 INFO 908 [egg-schedule]: register schedule C:\Users\admin\OneDrive\桌面\reax\youpin\youpin_server\node_modules\egg-multipart\app\schedule\clean_tmpdir.js
2022-11-30 02:32:55,732 INFO 908 [egg-schedule]: register schedule C:\Users\admin\OneDrive\桌面\reax\youpin\youpin_server\node_modules\egg-logrotator\app\schedule\clean_log.js
2022-11-30 02:32:55,733 INFO 908 [egg-schedule]: register schedule C:\Users\admin\OneDrive\桌面\reax\youpin\youpin_server\node_modules\egg-logrotator\app\schedule\rotate_by_file.js
2022-11-30 02:33:00,638 INFO 6160 [egg-schedule]: register schedule C:\Users\admin\OneDrive\桌面\reax\youpin\youpin_server\node_modules\egg-multipart\app\schedule\clean_tmpdir.js
2022-11-30 02:33:00,638 INFO 6160 [egg-schedule]: register schedule C:\Users\admin\OneDrive\桌面\reax\youpin\youpin_server\node_modules\egg-logrotator\app\schedule\clean_log.js
2022-11-30 02:33:00,638 INFO 6160 [egg-schedule]: register schedule C:\Users\admin\OneDrive\桌面\reax\youpin\youpin_server\node_modules\egg-logrotator\app\schedule\rotate_by_file.js
2022-11-30 02:33:21,466 INFO 9652 [egg-schedule]: register schedule C:\Users\admin\OneDrive\桌面\reax\youpin\youpin_server\node_modules\egg-multipart\app\schedule\clean_tmpdir.js
2022-11-30 02:33:21,466 INFO 9652 [egg-schedule]: register schedule C:\Users\admin\OneDrive\桌面\reax\youpin\youpin_server\node_modules\egg-logrotator\app\schedule\clean_log.js
2022-11-30 02:33:21,467 INFO 9652 [egg-schedule]: register schedule C:\Users\admin\OneDrive\桌面\reax\youpin\youpin_server\node_modules\egg-logrotator\app\schedule\rotate_by_file.js
2022-11-30 02:33:38,519 INFO 9964 [egg-schedule]: register schedule C:\Users\admin\OneDrive\桌面\reax\youpin\youpin_server\node_modules\egg-multipart\app\schedule\clean_tmpdir.js
2022-11-30 02:33:38,519 INFO 9964 [egg-schedule]: register schedule C:\Users\admin\OneDrive\桌面\reax\youpin\youpin_server\node_modules\egg-logrotator\app\schedule\clean_log.js
2022-11-30 02:33:38,519 INFO 9964 [egg-schedule]: register schedule C:\Users\admin\OneDrive\桌面\reax\youpin\youpin_server\node_modules\egg-logrotator\app\schedule\rotate_by_file.js
2022-11-30 02:33:41,338 INFO 7756 [egg-schedule]: register schedule C:\Users\admin\OneDrive\桌面\reax\youpin\youpin_server\node_modules\egg-multipart\app\schedule\clean_tmpdir.js
2022-11-30 02:33:41,338 INFO 7756 [egg-schedule]: register schedule C:\Users\admin\OneDrive\桌面\reax\youpin\youpin_server\node_modules\egg-logrotator\app\schedule\clean_log.js
2022-11-30 02:33:41,338 INFO 7756 [egg-schedule]: register schedule C:\Users\admin\OneDrive\桌面\reax\youpin\youpin_server\node_modules\egg-logrotator\app\schedule\rotate_by_file.js
2022-11-30 09:22:23,592 INFO 10788 [egg-schedule]: register schedule C:\Users\admin\OneDrive\桌面\reax\youpin\youpin_server\node_modules\egg-multipart\app\schedule\clean_tmpdir.js
2022-11-30 09:22:23,592 INFO 10788 [egg-schedule]: register schedule C:\Users\admin\OneDrive\桌面\reax\youpin\youpin_server\node_modules\egg-logrotator\app\schedule\clean_log.js
2022-11-30 09:22:23,592 INFO 10788 [egg-schedule]: register schedule C:\Users\admin\OneDrive\桌面\reax\youpin\youpin_server\node_modules\egg-logrotator\app\schedule\rotate_by_file.js
2022-11-30 09:22:24,780 INFO 6316 [Timer] C:\Users\admin\OneDrive\桌面\reax\youpin\youpin_server\node_modules\egg-multipart\app\schedule\clean_tmpdir.js next time will execute after 68855229ms at 2022-12-01 04:30:00.009
2022-11-30 09:22:24,781 INFO 6316 [Timer] C:\Users\admin\OneDrive\桌面\reax\youpin\youpin_server\node_modules\egg-logrotator\app\schedule\clean_log.js next time will execute after 52655220ms at 2022-12-01 00:00:00.001
2022-11-30 09:22:24,782 INFO 6316 [Timer] C:\Users\admin\OneDrive\桌面\reax\youpin\youpin_server\node_modules\egg-logrotator\app\schedule\rotate_by_file.js next time will execute after 52656219ms at 2022-12-01 00:00:01.001
2022-11-30 09:22:30,406 INFO 12472 [egg-schedule]: register schedule C:\Users\admin\OneDrive\桌面\reax\youpin\youpin_server\node_modules\egg-multipart\app\schedule\clean_tmpdir.js
2022-11-30 09:22:30,406 INFO 12472 [egg-schedule]: register schedule C:\Users\admin\OneDrive\桌面\reax\youpin\youpin_server\node_modules\egg-logrotator\app\schedule\clean_log.js
2022-11-30 09:22:30,407 INFO 12472 [egg-schedule]: register schedule C:\Users\admin\OneDrive\桌面\reax\youpin\youpin_server\node_modules\egg-logrotator\app\schedule\rotate_by_file.js
2022-11-30 09:22:37,506 INFO 12768 [egg-schedule]: register schedule C:\Users\admin\OneDrive\桌面\reax\youpin\youpin_server\node_modules\egg-multipart\app\schedule\clean_tmpdir.js
2022-11-30 09:22:37,506 INFO 12768 [egg-schedule]: register schedule C:\Users\admin\OneDrive\桌面\reax\youpin\youpin_server\node_modules\egg-logrotator\app\schedule\clean_log.js
2022-11-30 09:22:37,506 INFO 12768 [egg-schedule]: register schedule C:\Users\admin\OneDrive\桌面\reax\youpin\youpin_server\node_modules\egg-logrotator\app\schedule\rotate_by_file.js
>>>>>>> a6d470befcb0bdc99f3108692483b7e84531ec0f
2022-11-30 09:34:40,583 INFO 5736 [egg-schedule]: register schedule C:\Users\qxy\Desktop\xiaomiyoupin\youpin\youpin_server\node_modules\egg-multipart\app\schedule\clean_tmpdir.js
2022-11-30 09:34:40,584 INFO 5736 [egg-schedule]: register schedule C:\Users\qxy\Desktop\xiaomiyoupin\youpin\youpin_server\node_modules\egg-logrotator\app\schedule\clean_log.js
2022-11-30 09:34:40,584 INFO 5736 [egg-schedule]: register schedule C:\Users\qxy\Desktop\xiaomiyoupin\youpin\youpin_server\node_modules\egg-logrotator\app\schedule\rotate_by_file.js
2022-11-30 09:36:18,447 INFO 5260 [egg-schedule]: register schedule C:\Users\qxy\Desktop\xiaomiyoupin\youpin\youpin_server\node_modules\egg-multipart\app\schedule\clean_tmpdir.js
2022-11-30 09:36:18,447 INFO 5260 [egg-schedule]: register schedule C:\Users\qxy\Desktop\xiaomiyoupin\youpin\youpin_server\node_modules\egg-logrotator\app\schedule\clean_log.js
2022-11-30 09:36:18,447 INFO 5260 [egg-schedule]: register schedule C:\Users\qxy\Desktop\xiaomiyoupin\youpin\youpin_server\node_modules\egg-logrotator\app\schedule\rotate_by_file.js
2022-11-30 09:36:18,875 INFO 16776 [Timer] C:\Users\qxy\Desktop\xiaomiyoupin\youpin\youpin_server\node_modules\egg-multipart\app\schedule\clean_tmpdir.js next time will execute after 68021130ms at 2022-12-01 04:30:00.005
2022-11-30 09:36:18,876 INFO 16776 [Timer] C:\Users\qxy\Desktop\xiaomiyoupin\youpin\youpin_server\node_modules\egg-logrotator\app\schedule\clean_log.js next time will execute after 51821125ms at 2022-12-01 00:00:00.001
2022-11-30 09:36:18,876 INFO 16776 [Timer] C:\Users\qxy\Desktop\xiaomiyoupin\youpin\youpin_server\node_modules\egg-logrotator\app\schedule\rotate_by_file.js next time will execute after 51822124ms at 2022-12-01 00:00:01.000
2022-11-30 10:15:27,049 INFO 15316 [egg-schedule]: register schedule C:\Users\qxy\Desktop\xiaomiyoupin\youpin\youpin_server\node_modules\egg-multipart\app\schedule\clean_tmpdir.js
2022-11-30 10:15:27,049 INFO 15316 [egg-schedule]: register schedule C:\Users\qxy\Desktop\xiaomiyoupin\youpin\youpin_server\node_modules\egg-logrotator\app\schedule\clean_log.js
2022-11-30 10:15:27,049 INFO 15316 [egg-schedule]: register schedule C:\Users\qxy\Desktop\xiaomiyoupin\youpin\youpin_server\node_modules\egg-logrotator\app\schedule\rotate_by_file.js
2022-11-30 10:15:30,651 INFO 3124 [egg-schedule]: register schedule C:\Users\qxy\Desktop\xiaomiyoupin\youpin\youpin_server\node_modules\egg-multipart\app\schedule\clean_tmpdir.js
2022-11-30 10:15:30,651 INFO 3124 [egg-schedule]: register schedule C:\Users\qxy\Desktop\xiaomiyoupin\youpin\youpin_server\node_modules\egg-logrotator\app\schedule\clean_log.js
2022-11-30 10:15:30,651 INFO 3124 [egg-schedule]: register schedule C:\Users\qxy\Desktop\xiaomiyoupin\youpin\youpin_server\node_modules\egg-logrotator\app\schedule\rotate_by_file.js
2022-11-30 10:15:32,658 INFO 20132 [egg-schedule]: register schedule C:\Users\qxy\Desktop\xiaomiyoupin\youpin\youpin_server\node_modules\egg-multipart\app\schedule\clean_tmpdir.js
2022-11-30 10:15:32,658 INFO 20132 [egg-schedule]: register schedule C:\Users\qxy\Desktop\xiaomiyoupin\youpin\youpin_server\node_modules\egg-logrotator\app\schedule\clean_log.js
2022-11-30 10:15:32,658 INFO 20132 [egg-schedule]: register schedule C:\Users\qxy\Desktop\xiaomiyoupin\youpin\youpin_server\node_modules\egg-logrotator\app\schedule\rotate_by_file.js
2022-11-30 10:15:39,025 INFO 6376 [egg-schedule]: register schedule C:\Users\qxy\Desktop\xiaomiyoupin\youpin\youpin_server\node_modules\egg-multipart\app\schedule\clean_tmpdir.js
2022-11-30 10:15:39,025 INFO 6376 [egg-schedule]: register schedule C:\Users\qxy\Desktop\xiaomiyoupin\youpin\youpin_server\node_modules\egg-logrotator\app\schedule\clean_log.js
2022-11-30 10:15:39,025 INFO 6376 [egg-schedule]: register schedule C:\Users\qxy\Desktop\xiaomiyoupin\youpin\youpin_server\node_modules\egg-logrotator\app\schedule\rotate_by_file.js
2022-11-30 10:37:11,036 INFO 14340 [egg-schedule]: register schedule C:\Users\qxy\Desktop\xiaomiyoupin\youpin\youpin_server\node_modules\egg-multipart\app\schedule\clean_tmpdir.js
2022-11-30 10:37:11,036 INFO 14340 [egg-schedule]: register schedule C:\Users\qxy\Desktop\xiaomiyoupin\youpin\youpin_server\node_modules\egg-logrotator\app\schedule\clean_log.js
2022-11-30 10:37:11,037 INFO 14340 [egg-schedule]: register schedule C:\Users\qxy\Desktop\xiaomiyoupin\youpin\youpin_server\node_modules\egg-logrotator\app\schedule\rotate_by_file.js
2022-11-30 10:37:13,496 INFO 20744 [egg-schedule]: register schedule C:\Users\qxy\Desktop\xiaomiyoupin\youpin\youpin_server\node_modules\egg-multipart\app\schedule\clean_tmpdir.js
2022-11-30 10:37:13,497 INFO 20744 [egg-schedule]: register schedule C:\Users\qxy\Desktop\xiaomiyoupin\youpin\youpin_server\node_modules\egg-logrotator\app\schedule\clean_log.js
2022-11-30 10:37:13,497 INFO 20744 [egg-schedule]: register schedule C:\Users\qxy\Desktop\xiaomiyoupin\youpin\youpin_server\node_modules\egg-logrotator\app\schedule\rotate_by_file.js
2022-11-30 10:50:43,136 INFO 17068 [egg-schedule]: register schedule C:\Users\qxy\Desktop\xiaomiyoupin\youpin\youpin_server\node_modules\egg-multipart\app\schedule\clean_tmpdir.js
2022-11-30 10:50:43,136 INFO 17068 [egg-schedule]: register schedule C:\Users\qxy\Desktop\xiaomiyoupin\youpin\youpin_server\node_modules\egg-logrotator\app\schedule\clean_log.js
2022-11-30 10:50:43,137 INFO 17068 [egg-schedule]: register schedule C:\Users\qxy\Desktop\xiaomiyoupin\youpin\youpin_server\node_modules\egg-logrotator\app\schedule\rotate_by_file.js
2023-02-08 14:11:09,756 INFO 22252 [egg-schedule]: register schedule C:\Users\qxy\Desktop\xiaomiyoupin\youpin\youpin_server\node_modules\egg-multipart\app\schedule\clean_tmpdir.js
2023-02-08 14:11:09,756 INFO 22252 [egg-schedule]: register schedule C:\Users\qxy\Desktop\xiaomiyoupin\youpin\youpin_server\node_modules\egg-logrotator\app\schedule\clean_log.js
2023-02-08 14:11:09,756 INFO 22252 [egg-schedule]: register schedule C:\Users\qxy\Desktop\xiaomiyoupin\youpin\youpin_server\node_modules\egg-logrotator\app\schedule\rotate_by_file.js
2023-02-08 14:11:11,320 INFO 21692 [Timer] C:\Users\qxy\Desktop\xiaomiyoupin\youpin\youpin_server\node_modules\egg-multipart\app\schedule\clean_tmpdir.js next time will execute after 51528685ms at 2023-02-09 04:30:00.005
2023-02-08 14:11:11,320 INFO 21692 [Timer] C:\Users\qxy\Desktop\xiaomiyoupin\youpin\youpin_server\node_modules\egg-logrotator\app\schedule\clean_log.js next time will execute after 35328680ms at 2023-02-09 00:00:00.000
2023-02-08 14:11:11,321 INFO 21692 [Timer] C:\Users\qxy\Desktop\xiaomiyoupin\youpin\youpin_server\node_modules\egg-logrotator\app\schedule\rotate_by_file.js next time will execute after 35329680ms at 2023-02-09 00:00:01.001
2023-02-08 14:11:12,172 INFO 14776 [egg-schedule]: register schedule C:\Users\qxy\Desktop\xiaomiyoupin\youpin\youpin_server\node_modules\egg-multipart\app\schedule\clean_tmpdir.js
2023-02-08 14:11:12,172 INFO 14776 [egg-schedule]: register schedule C:\Users\qxy\Desktop\xiaomiyoupin\youpin\youpin_server\node_modules\egg-logrotator\app\schedule\clean_log.js
2023-02-08 14:11:12,172 INFO 14776 [egg-schedule]: register schedule C:\Users\qxy\Desktop\xiaomiyoupin\youpin\youpin_server\node_modules\egg-logrotator\app\schedule\rotate_by_file.js
2023-02-08 14:11:14,068 INFO 18312 [egg-schedule]: register schedule C:\Users\qxy\Desktop\xiaomiyoupin\youpin\youpin_server\node_modules\egg-multipart\app\schedule\clean_tmpdir.js
2023-02-08 14:11:14,068 INFO 18312 [egg-schedule]: register schedule C:\Users\qxy\Desktop\xiaomiyoupin\youpin\youpin_server\node_modules\egg-logrotator\app\schedule\clean_log.js
2023-02-08 14:11:14,068 INFO 18312 [egg-schedule]: register schedule C:\Users\qxy\Desktop\xiaomiyoupin\youpin\youpin_server\node_modules\egg-logrotator\app\schedule\rotate_by_file.js
