<<<<<<< HEAD
2022-11-30 00:00:01,092 INFO 2688 [egg-logrotator] app logger reload: got log-reload message
2022-11-30 00:01:12,545 INFO 10192 [egg:logger] init all loggers with options: {"dir":"C:\\Users\\qxy\\Desktop\\xiaomiyoupin\\youpin\\youpin_server\\logs\\eggmysqlajax","encoding":"utf8","env":"local","level":"INFO","consoleLevel":"INFO","disableConsoleAfterReady":false,"outputJSON":false,"buffer":true,"appLogName":"eggmysqlajax-web.log","coreLogName":"egg-web.log","agentLogName":"egg-agent.log","errorLogName":"common-error.log","coreLogger":{"consoleLevel":"WARN"},"allowDebugAtProd":false,"enablePerformanceTimer":false,"type":"application"}
2022-11-30 00:01:12,697 INFO 10192 [egg-multipart] file mode enable
2022-11-30 00:01:12,697 INFO 10192 [egg-multipart] will save temporary files to "C:\\Users\\qxy\\AppData\\Local\\Temp\\egg-multipart-tmp\\eggmysqlajax", cleanup job cron: "0 30 4 * * *"
2022-11-30 00:01:12,698 INFO 10192 [egg-mysql] connecting root@localhost:3306/youpin
2022-11-30 00:01:13,559 INFO 10192 [egg-static] starting static serve /public/ -> C:\Users\qxy\Desktop\xiaomiyoupin\youpin\youpin_server\app\public
2022-11-30 00:01:13,570 INFO 10192 [egg-security] use methodnoallow middleware
2022-11-30 00:01:13,573 INFO 10192 [egg-security] use noopen middleware
2022-11-30 00:01:13,578 INFO 10192 [egg-security] use nosniff middleware
2022-11-30 00:01:13,581 INFO 10192 [egg-security] use xssProtection middleware
2022-11-30 00:01:13,585 INFO 10192 [egg-security] use xframe middleware
2022-11-30 00:01:13,587 INFO 10192 [egg-security] use dta middleware
2022-11-30 00:01:13,588 INFO 10192 [egg-security] compose 6 middlewares into one security middleware
2022-11-30 00:01:13,632 INFO 10192 [egg:core] dump config after load, 13ms
2022-11-30 00:01:13,693 INFO 10192 [egg-watcher:application] watcher start success
2022-11-30 00:01:13,701 INFO 10192 [egg-mysql] instance[0] status OK, rds currentTime: Wed Nov 30 2022 00:01:13 GMT+0800 (中国标准时间)
2022-11-30 00:01:13,724 INFO 10192 [egg:core] dump config after ready, 18ms
2022-11-30 00:04:23,461 INFO 3312 [egg:logger] init all loggers with options: {"dir":"C:\\Users\\qxy\\Desktop\\xiaomiyoupin\\youpin\\youpin_server\\logs\\eggmysqlajax","encoding":"utf8","env":"local","level":"INFO","consoleLevel":"INFO","disableConsoleAfterReady":false,"outputJSON":false,"buffer":true,"appLogName":"eggmysqlajax-web.log","coreLogName":"egg-web.log","agentLogName":"egg-agent.log","errorLogName":"common-error.log","coreLogger":{"consoleLevel":"WARN"},"allowDebugAtProd":false,"enablePerformanceTimer":false,"type":"application"}
2022-11-30 00:04:23,554 INFO 3312 [egg-multipart] file mode enable
2022-11-30 00:04:23,555 INFO 3312 [egg-multipart] will save temporary files to "C:\\Users\\qxy\\AppData\\Local\\Temp\\egg-multipart-tmp\\eggmysqlajax", cleanup job cron: "0 30 4 * * *"
2022-11-30 00:04:23,556 INFO 3312 [egg-mysql] connecting root@localhost:3306/youpin
2022-11-30 00:04:24,451 INFO 3312 [egg-static] starting static serve /public/ -> C:\Users\qxy\Desktop\xiaomiyoupin\youpin\youpin_server\app\public
2022-11-30 00:04:24,469 INFO 3312 [egg-security] use methodnoallow middleware
2022-11-30 00:04:24,476 INFO 3312 [egg-security] use noopen middleware
2022-11-30 00:04:24,489 INFO 3312 [egg-security] use nosniff middleware
2022-11-30 00:04:24,494 INFO 3312 [egg-security] use xssProtection middleware
2022-11-30 00:04:24,497 INFO 3312 [egg-security] use xframe middleware
2022-11-30 00:04:24,499 INFO 3312 [egg-security] use dta middleware
2022-11-30 00:04:24,500 INFO 3312 [egg-security] compose 6 middlewares into one security middleware
2022-11-30 00:04:24,551 INFO 3312 [egg:core] dump config after load, 16ms
2022-11-30 00:04:24,610 INFO 3312 [egg-watcher:application] watcher start success
2022-11-30 00:04:24,622 INFO 3312 [egg-mysql] instance[0] status OK, rds currentTime: Wed Nov 30 2022 00:04:24 GMT+0800 (中国标准时间)
2022-11-30 00:04:24,642 INFO 3312 [egg:core] dump config after ready, 15ms
2022-11-30 00:06:28,745 INFO 17716 [egg:logger] init all loggers with options: {"dir":"C:\\Users\\qxy\\Desktop\\xiaomiyoupin\\youpin\\youpin_server\\logs\\eggmysqlajax","encoding":"utf8","env":"local","level":"INFO","consoleLevel":"INFO","disableConsoleAfterReady":false,"outputJSON":false,"buffer":true,"appLogName":"eggmysqlajax-web.log","coreLogName":"egg-web.log","agentLogName":"egg-agent.log","errorLogName":"common-error.log","coreLogger":{"consoleLevel":"WARN"},"allowDebugAtProd":false,"enablePerformanceTimer":false,"type":"application"}
2022-11-30 00:06:28,890 INFO 17716 [egg-multipart] file mode enable
2022-11-30 00:06:28,890 INFO 17716 [egg-multipart] will save temporary files to "C:\\Users\\qxy\\AppData\\Local\\Temp\\egg-multipart-tmp\\eggmysqlajax", cleanup job cron: "0 30 4 * * *"
2022-11-30 00:06:28,892 INFO 17716 [egg-mysql] connecting root@localhost:3306/youpin
2022-11-30 00:06:29,907 INFO 17716 [egg-static] starting static serve /public/ -> C:\Users\qxy\Desktop\xiaomiyoupin\youpin\youpin_server\app\public
2022-11-30 00:06:29,917 INFO 17716 [egg-security] use methodnoallow middleware
2022-11-30 00:06:29,920 INFO 17716 [egg-security] use noopen middleware
2022-11-30 00:06:29,925 INFO 17716 [egg-security] use nosniff middleware
2022-11-30 00:06:29,928 INFO 17716 [egg-security] use xssProtection middleware
2022-11-30 00:06:29,930 INFO 17716 [egg-security] use xframe middleware
2022-11-30 00:06:29,932 INFO 17716 [egg-security] use dta middleware
2022-11-30 00:06:29,933 INFO 17716 [egg-security] compose 6 middlewares into one security middleware
2022-11-30 00:06:29,974 INFO 17716 [egg:core] dump config after load, 13ms
2022-11-30 00:06:30,021 INFO 17716 [egg-watcher:application] watcher start success
2022-11-30 00:06:30,030 INFO 17716 [egg-mysql] instance[0] status OK, rds currentTime: Wed Nov 30 2022 00:06:30 GMT+0800 (中国标准时间)
2022-11-30 00:06:30,043 INFO 17716 [egg:core] dump config after ready, 11ms
=======
2022-11-30 00:00:01,031 INFO 9540 [egg-logrotator] app logger reload: got log-reload message
<<<<<<< HEAD
>>>>>>> be64f754db17ac1ea915f0257a57eb384be5027b
2022-11-30 08:59:33,979 INFO 11696 [egg:logger] init all loggers with options: {"dir":"C:\\Users\\qxy\\Desktop\\xiaomiyoupin\\youpin\\youpin_server\\logs\\eggmysqlajax","encoding":"utf8","env":"local","level":"INFO","consoleLevel":"INFO","disableConsoleAfterReady":false,"outputJSON":false,"buffer":true,"appLogName":"eggmysqlajax-web.log","coreLogName":"egg-web.log","agentLogName":"egg-agent.log","errorLogName":"common-error.log","coreLogger":{"consoleLevel":"WARN"},"allowDebugAtProd":false,"enablePerformanceTimer":false,"type":"application"}
2022-11-30 08:59:34,019 INFO 11696 [egg-multipart] file mode enable
2022-11-30 08:59:34,019 INFO 11696 [egg-multipart] will save temporary files to "C:\\Users\\qxy\\AppData\\Local\\Temp\\egg-multipart-tmp\\eggmysqlajax", cleanup job cron: "0 30 4 * * *"
2022-11-30 08:59:34,020 INFO 11696 [egg-mysql] connecting root@localhost:3306/youpin
2022-11-30 08:59:34,331 INFO 11696 [egg-static] starting static serve /public/ -> C:\Users\qxy\Desktop\xiaomiyoupin\youpin\youpin_server\app\public
2022-11-30 08:59:34,335 INFO 11696 [egg-security] use methodnoallow middleware
2022-11-30 08:59:34,336 INFO 11696 [egg-security] use noopen middleware
2022-11-30 08:59:34,338 INFO 11696 [egg-security] use nosniff middleware
2022-11-30 08:59:34,339 INFO 11696 [egg-security] use xssProtection middleware
2022-11-30 08:59:34,340 INFO 11696 [egg-security] use xframe middleware
2022-11-30 08:59:34,341 INFO 11696 [egg-security] use dta middleware
2022-11-30 08:59:34,341 INFO 11696 [egg-security] compose 6 middlewares into one security middleware
2022-11-30 08:59:34,360 INFO 11696 [egg:core] dump config after load, 6ms
2022-11-30 08:59:34,385 INFO 11696 [egg-watcher:application] watcher start success
2022-11-30 08:59:34,393 INFO 11696 [egg-mysql] instance[0] status OK, rds currentTime: Wed Nov 30 2022 08:59:34 GMT+0800 (中国标准时间)
2022-11-30 08:59:34,405 INFO 11696 [egg:core] dump config after ready, 9ms
2022-11-30 09:17:52,302 INFO 3988 [egg:logger] init all loggers with options: {"dir":"C:\\Users\\qxy\\Desktop\\xiaomiyoupin\\youpin\\youpin_server\\logs\\eggmysqlajax","encoding":"utf8","env":"local","level":"INFO","consoleLevel":"INFO","disableConsoleAfterReady":false,"outputJSON":false,"buffer":true,"appLogName":"eggmysqlajax-web.log","coreLogName":"egg-web.log","agentLogName":"egg-agent.log","errorLogName":"common-error.log","coreLogger":{"consoleLevel":"WARN"},"allowDebugAtProd":false,"enablePerformanceTimer":false,"type":"application"}
2022-11-30 09:17:52,410 INFO 3988 [egg-multipart] file mode enable
2022-11-30 09:17:52,410 INFO 3988 [egg-multipart] will save temporary files to "C:\\Users\\qxy\\AppData\\Local\\Temp\\egg-multipart-tmp\\eggmysqlajax", cleanup job cron: "0 30 4 * * *"
2022-11-30 09:17:52,411 INFO 3988 [egg-mysql] connecting root@localhost:3306/youpin
2022-11-30 09:17:54,394 INFO 3988 [egg-static] starting static serve /public/ -> C:\Users\qxy\Desktop\xiaomiyoupin\youpin\youpin_server\app\public
2022-11-30 09:17:54,406 INFO 3988 [egg-security] use methodnoallow middleware
2022-11-30 09:17:54,414 INFO 3988 [egg-security] use noopen middleware
2022-11-30 09:17:54,423 INFO 3988 [egg-security] use nosniff middleware
2022-11-30 09:17:54,431 INFO 3988 [egg-security] use xssProtection middleware
2022-11-30 09:17:54,438 INFO 3988 [egg-security] use xframe middleware
2022-11-30 09:17:54,448 INFO 3988 [egg-security] use dta middleware
2022-11-30 09:17:54,448 INFO 3988 [egg-security] compose 6 middlewares into one security middleware
2022-11-30 09:17:54,524 INFO 3988 [egg:core] dump config after load, 5ms
2022-11-30 09:17:54,553 INFO 3988 [egg-watcher:application] watcher start success
2022-11-30 09:17:54,563 INFO 3988 [egg-mysql] instance[0] status OK, rds currentTime: Wed Nov 30 2022 09:17:54 GMT+0800 (中国标准时间)
2022-11-30 09:17:54,573 INFO 3988 [egg:core] dump config after ready, 8ms
=======
2022-11-30 01:17:08,317 INFO 1140 [egg:logger] init all loggers with options: {"dir":"C:\\Users\\admin\\OneDrive\\桌面\\reax\\youpin\\youpin_server\\logs\\eggmysqlajax","encoding":"utf8","env":"local","level":"INFO","consoleLevel":"INFO","disableConsoleAfterReady":false,"outputJSON":false,"buffer":true,"appLogName":"eggmysqlajax-web.log","coreLogName":"egg-web.log","agentLogName":"egg-agent.log","errorLogName":"common-error.log","coreLogger":{"consoleLevel":"WARN"},"allowDebugAtProd":false,"enablePerformanceTimer":false,"type":"application"}
2022-11-30 01:17:08,394 INFO 1140 [egg-multipart] file mode enable
2022-11-30 01:17:08,394 INFO 1140 [egg-multipart] will save temporary files to "C:\\Users\\admin\\AppData\\Local\\Temp\\egg-multipart-tmp\\eggmysqlajax", cleanup job cron: "0 30 4 * * *"
2022-11-30 01:17:08,395 INFO 1140 [egg-mysql] connecting lan@localhost:3306/xiaomi
2022-11-30 01:17:08,975 INFO 1140 [egg-static] starting static serve /public/ -> C:\Users\admin\OneDrive\桌面\reax\youpin\youpin_server\app\public
2022-11-30 01:17:08,981 INFO 1140 [egg-security] use methodnoallow middleware
2022-11-30 01:17:08,984 INFO 1140 [egg-security] use noopen middleware
2022-11-30 01:17:08,986 INFO 1140 [egg-security] use nosniff middleware
2022-11-30 01:17:08,988 INFO 1140 [egg-security] use xssProtection middleware
2022-11-30 01:17:08,990 INFO 1140 [egg-security] use xframe middleware
2022-11-30 01:17:08,992 INFO 1140 [egg-security] use dta middleware
2022-11-30 01:17:08,992 INFO 1140 [egg-security] compose 6 middlewares into one security middleware
2022-11-30 01:17:09,034 INFO 1140 [egg:core] dump config after load, 13ms
2022-11-30 01:17:09,083 INFO 1140 [egg-watcher:application] watcher start success
2022-11-30 01:17:09,152 INFO 1140 [egg-mysql] instance[0] status OK, rds currentTime: Wed Nov 30 2022 01:17:09 GMT+0800 (中国标准时间)
2022-11-30 01:17:09,172 INFO 1140 [egg:core] dump config after ready, 15ms
2022-11-30 01:17:11,962 INFO 14292 [egg:logger] init all loggers with options: {"dir":"C:\\Users\\admin\\OneDrive\\桌面\\reax\\youpin\\youpin_server\\logs\\eggmysqlajax","encoding":"utf8","env":"local","level":"INFO","consoleLevel":"INFO","disableConsoleAfterReady":false,"outputJSON":false,"buffer":true,"appLogName":"eggmysqlajax-web.log","coreLogName":"egg-web.log","agentLogName":"egg-agent.log","errorLogName":"common-error.log","coreLogger":{"consoleLevel":"WARN"},"allowDebugAtProd":false,"enablePerformanceTimer":false,"type":"application"}
2022-11-30 01:17:12,031 INFO 14292 [egg-multipart] file mode enable
2022-11-30 01:17:12,031 INFO 14292 [egg-multipart] will save temporary files to "C:\\Users\\admin\\AppData\\Local\\Temp\\egg-multipart-tmp\\eggmysqlajax", cleanup job cron: "0 30 4 * * *"
2022-11-30 01:17:12,032 INFO 14292 [egg-mysql] connecting lan@localhost:3306/xiaomi
2022-11-30 01:17:12,421 INFO 14292 [egg-static] starting static serve /public/ -> C:\Users\admin\OneDrive\桌面\reax\youpin\youpin_server\app\public
2022-11-30 01:17:12,427 INFO 14292 [egg-security] use methodnoallow middleware
2022-11-30 01:17:12,428 INFO 14292 [egg-security] use noopen middleware
2022-11-30 01:17:12,430 INFO 14292 [egg-security] use nosniff middleware
2022-11-30 01:17:12,431 INFO 14292 [egg-security] use xssProtection middleware
2022-11-30 01:17:12,433 INFO 14292 [egg-security] use xframe middleware
2022-11-30 01:17:12,434 INFO 14292 [egg-security] use dta middleware
2022-11-30 01:17:12,434 INFO 14292 [egg-security] compose 6 middlewares into one security middleware
2022-11-30 01:17:12,465 INFO 14292 [egg:core] dump config after load, 13ms
2022-11-30 01:17:12,533 INFO 14292 [egg-watcher:application] watcher start success
2022-11-30 01:17:12,539 INFO 14292 [egg-mysql] instance[0] status OK, rds currentTime: Wed Nov 30 2022 01:17:12 GMT+0800 (中国标准时间)
2022-11-30 01:17:12,596 INFO 14292 [egg:core] dump config after ready, 34ms
2022-11-30 01:17:23,195 INFO 9688 [egg:logger] init all loggers with options: {"dir":"C:\\Users\\admin\\OneDrive\\桌面\\reax\\youpin\\youpin_server\\logs\\eggmysqlajax","encoding":"utf8","env":"local","level":"INFO","consoleLevel":"INFO","disableConsoleAfterReady":false,"outputJSON":false,"buffer":true,"appLogName":"eggmysqlajax-web.log","coreLogName":"egg-web.log","agentLogName":"egg-agent.log","errorLogName":"common-error.log","coreLogger":{"consoleLevel":"WARN"},"allowDebugAtProd":false,"enablePerformanceTimer":false,"type":"application"}
2022-11-30 01:17:23,302 INFO 9688 [egg-multipart] file mode enable
2022-11-30 01:17:23,302 INFO 9688 [egg-multipart] will save temporary files to "C:\\Users\\admin\\AppData\\Local\\Temp\\egg-multipart-tmp\\eggmysqlajax", cleanup job cron: "0 30 4 * * *"
2022-11-30 01:17:23,303 INFO 9688 [egg-mysql] connecting lan@localhost:3306/xiaomi
2022-11-30 01:17:23,912 INFO 9688 [egg-static] starting static serve /public/ -> C:\Users\admin\OneDrive\桌面\reax\youpin\youpin_server\app\public
2022-11-30 01:17:23,918 INFO 9688 [egg-security] use methodnoallow middleware
2022-11-30 01:17:23,924 INFO 9688 [egg-security] use noopen middleware
2022-11-30 01:17:23,927 INFO 9688 [egg-security] use nosniff middleware
2022-11-30 01:17:23,930 INFO 9688 [egg-security] use xssProtection middleware
2022-11-30 01:17:23,931 INFO 9688 [egg-security] use xframe middleware
2022-11-30 01:17:23,933 INFO 9688 [egg-security] use dta middleware
2022-11-30 01:17:23,934 INFO 9688 [egg-security] compose 6 middlewares into one security middleware
2022-11-30 01:17:23,982 INFO 9688 [egg:core] dump config after load, 22ms
2022-11-30 01:17:24,088 INFO 9688 [egg-watcher:application] watcher start success
2022-11-30 01:17:24,121 INFO 9688 [egg-mysql] instance[0] status OK, rds currentTime: Wed Nov 30 2022 01:17:24 GMT+0800 (中国标准时间)
2022-11-30 01:17:24,141 INFO 9688 [egg:core] dump config after ready, 15ms
2022-11-30 01:17:27,517 INFO 6864 [egg:logger] init all loggers with options: {"dir":"C:\\Users\\admin\\OneDrive\\桌面\\reax\\youpin\\youpin_server\\logs\\eggmysqlajax","encoding":"utf8","env":"local","level":"INFO","consoleLevel":"INFO","disableConsoleAfterReady":false,"outputJSON":false,"buffer":true,"appLogName":"eggmysqlajax-web.log","coreLogName":"egg-web.log","agentLogName":"egg-agent.log","errorLogName":"common-error.log","coreLogger":{"consoleLevel":"WARN"},"allowDebugAtProd":false,"enablePerformanceTimer":false,"type":"application"}
2022-11-30 01:17:27,731 INFO 6864 [egg-multipart] file mode enable
2022-11-30 01:17:27,731 INFO 6864 [egg-multipart] will save temporary files to "C:\\Users\\admin\\AppData\\Local\\Temp\\egg-multipart-tmp\\eggmysqlajax", cleanup job cron: "0 30 4 * * *"
2022-11-30 01:17:27,733 INFO 6864 [egg-mysql] connecting lan@localhost:3306/xiaomi
2022-11-30 01:17:28,493 INFO 6864 [egg-static] starting static serve /public/ -> C:\Users\admin\OneDrive\桌面\reax\youpin\youpin_server\app\public
2022-11-30 01:17:28,498 INFO 6864 [egg-security] use methodnoallow middleware
2022-11-30 01:17:28,500 INFO 6864 [egg-security] use noopen middleware
2022-11-30 01:17:28,502 INFO 6864 [egg-security] use nosniff middleware
2022-11-30 01:17:28,504 INFO 6864 [egg-security] use xssProtection middleware
2022-11-30 01:17:28,505 INFO 6864 [egg-security] use xframe middleware
2022-11-30 01:17:28,507 INFO 6864 [egg-security] use dta middleware
2022-11-30 01:17:28,507 INFO 6864 [egg-security] compose 6 middlewares into one security middleware
2022-11-30 01:17:28,563 INFO 6864 [egg:core] dump config after load, 18ms
2022-11-30 01:17:28,682 INFO 6864 [egg-watcher:application] watcher start success
2022-11-30 01:17:28,686 INFO 6864 [egg-mysql] instance[0] status OK, rds currentTime: Wed Nov 30 2022 01:17:28 GMT+0800 (中国标准时间)
2022-11-30 01:17:28,717 INFO 6864 [egg:core] dump config after ready, 16ms
2022-11-30 01:17:31,046 INFO 3456 [egg:logger] init all loggers with options: {"dir":"C:\\Users\\admin\\OneDrive\\桌面\\reax\\youpin\\youpin_server\\logs\\eggmysqlajax","encoding":"utf8","env":"local","level":"INFO","consoleLevel":"INFO","disableConsoleAfterReady":false,"outputJSON":false,"buffer":true,"appLogName":"eggmysqlajax-web.log","coreLogName":"egg-web.log","agentLogName":"egg-agent.log","errorLogName":"common-error.log","coreLogger":{"consoleLevel":"WARN"},"allowDebugAtProd":false,"enablePerformanceTimer":false,"type":"application"}
2022-11-30 01:17:31,135 INFO 3456 [egg-multipart] file mode enable
2022-11-30 01:17:31,136 INFO 3456 [egg-multipart] will save temporary files to "C:\\Users\\admin\\AppData\\Local\\Temp\\egg-multipart-tmp\\eggmysqlajax", cleanup job cron: "0 30 4 * * *"
2022-11-30 01:17:31,137 INFO 3456 [egg-mysql] connecting lan@localhost:3306/xiaomi
2022-11-30 01:17:31,638 INFO 3456 [egg-static] starting static serve /public/ -> C:\Users\admin\OneDrive\桌面\reax\youpin\youpin_server\app\public
2022-11-30 01:17:31,647 INFO 3456 [egg-security] use methodnoallow middleware
2022-11-30 01:17:31,650 INFO 3456 [egg-security] use noopen middleware
2022-11-30 01:17:31,653 INFO 3456 [egg-security] use nosniff middleware
2022-11-30 01:17:31,655 INFO 3456 [egg-security] use xssProtection middleware
2022-11-30 01:17:31,656 INFO 3456 [egg-security] use xframe middleware
2022-11-30 01:17:31,658 INFO 3456 [egg-security] use dta middleware
2022-11-30 01:17:31,659 INFO 3456 [egg-security] compose 6 middlewares into one security middleware
2022-11-30 01:17:31,704 INFO 3456 [egg:core] dump config after load, 14ms
2022-11-30 01:17:31,766 INFO 3456 [egg-watcher:application] watcher start success
2022-11-30 01:17:31,779 INFO 3456 [egg-mysql] instance[0] status OK, rds currentTime: Wed Nov 30 2022 01:17:31 GMT+0800 (中国标准时间)
2022-11-30 01:17:31,805 INFO 3456 [egg:core] dump config after ready, 21ms
2022-11-30 01:17:34,959 INFO 12792 [egg:logger] init all loggers with options: {"dir":"C:\\Users\\admin\\OneDrive\\桌面\\reax\\youpin\\youpin_server\\logs\\eggmysqlajax","encoding":"utf8","env":"local","level":"INFO","consoleLevel":"INFO","disableConsoleAfterReady":false,"outputJSON":false,"buffer":true,"appLogName":"eggmysqlajax-web.log","coreLogName":"egg-web.log","agentLogName":"egg-agent.log","errorLogName":"common-error.log","coreLogger":{"consoleLevel":"WARN"},"allowDebugAtProd":false,"enablePerformanceTimer":false,"type":"application"}
2022-11-30 01:17:35,093 INFO 12792 [egg-multipart] file mode enable
2022-11-30 01:17:35,093 INFO 12792 [egg-multipart] will save temporary files to "C:\\Users\\admin\\AppData\\Local\\Temp\\egg-multipart-tmp\\eggmysqlajax", cleanup job cron: "0 30 4 * * *"
2022-11-30 01:17:35,094 INFO 12792 [egg-mysql] connecting lan@localhost:3306/xiaomi
2022-11-30 01:17:35,777 INFO 12792 [egg-static] starting static serve /public/ -> C:\Users\admin\OneDrive\桌面\reax\youpin\youpin_server\app\public
2022-11-30 01:17:35,801 INFO 12792 [egg-security] use methodnoallow middleware
2022-11-30 01:17:35,803 INFO 12792 [egg-security] use noopen middleware
2022-11-30 01:17:35,806 INFO 12792 [egg-security] use nosniff middleware
2022-11-30 01:17:35,808 INFO 12792 [egg-security] use xssProtection middleware
2022-11-30 01:17:35,810 INFO 12792 [egg-security] use xframe middleware
2022-11-30 01:17:35,812 INFO 12792 [egg-security] use dta middleware
2022-11-30 01:17:35,814 INFO 12792 [egg-security] compose 6 middlewares into one security middleware
2022-11-30 01:17:35,869 INFO 12792 [egg:core] dump config after load, 15ms
2022-11-30 01:17:35,949 INFO 12792 [egg-watcher:application] watcher start success
2022-11-30 01:17:35,956 INFO 12792 [egg-mysql] instance[0] status OK, rds currentTime: Wed Nov 30 2022 01:17:35 GMT+0800 (中国标准时间)
2022-11-30 01:17:35,979 INFO 12792 [egg:core] dump config after ready, 15ms
2022-11-30 01:17:41,225 INFO 8200 [egg:logger] init all loggers with options: {"dir":"C:\\Users\\admin\\OneDrive\\桌面\\reax\\youpin\\youpin_server\\logs\\eggmysqlajax","encoding":"utf8","env":"local","level":"INFO","consoleLevel":"INFO","disableConsoleAfterReady":false,"outputJSON":false,"buffer":true,"appLogName":"eggmysqlajax-web.log","coreLogName":"egg-web.log","agentLogName":"egg-agent.log","errorLogName":"common-error.log","coreLogger":{"consoleLevel":"WARN"},"allowDebugAtProd":false,"enablePerformanceTimer":false,"type":"application"}
2022-11-30 01:17:41,307 INFO 8200 [egg-multipart] file mode enable
2022-11-30 01:17:41,307 INFO 8200 [egg-multipart] will save temporary files to "C:\\Users\\admin\\AppData\\Local\\Temp\\egg-multipart-tmp\\eggmysqlajax", cleanup job cron: "0 30 4 * * *"
2022-11-30 01:17:41,309 INFO 8200 [egg-mysql] connecting lan@localhost:3306/xiaomi
2022-11-30 01:17:41,813 INFO 8200 [egg-static] starting static serve /public/ -> C:\Users\admin\OneDrive\桌面\reax\youpin\youpin_server\app\public
2022-11-30 01:17:41,819 INFO 8200 [egg-security] use methodnoallow middleware
2022-11-30 01:17:41,821 INFO 8200 [egg-security] use noopen middleware
2022-11-30 01:17:41,823 INFO 8200 [egg-security] use nosniff middleware
2022-11-30 01:17:41,825 INFO 8200 [egg-security] use xssProtection middleware
2022-11-30 01:17:41,827 INFO 8200 [egg-security] use xframe middleware
2022-11-30 01:17:41,828 INFO 8200 [egg-security] use dta middleware
2022-11-30 01:17:41,828 INFO 8200 [egg-security] compose 6 middlewares into one security middleware
2022-11-30 01:17:41,872 INFO 8200 [egg:core] dump config after load, 22ms
2022-11-30 01:17:41,936 INFO 8200 [egg-watcher:application] watcher start success
2022-11-30 01:17:41,944 INFO 8200 [egg-mysql] instance[0] status OK, rds currentTime: Wed Nov 30 2022 01:17:41 GMT+0800 (中国标准时间)
2022-11-30 01:17:41,963 INFO 8200 [egg:core] dump config after ready, 15ms
2022-11-30 01:17:50,310 INFO 7968 [egg:logger] init all loggers with options: {"dir":"C:\\Users\\admin\\OneDrive\\桌面\\reax\\youpin\\youpin_server\\logs\\eggmysqlajax","encoding":"utf8","env":"local","level":"INFO","consoleLevel":"INFO","disableConsoleAfterReady":false,"outputJSON":false,"buffer":true,"appLogName":"eggmysqlajax-web.log","coreLogName":"egg-web.log","agentLogName":"egg-agent.log","errorLogName":"common-error.log","coreLogger":{"consoleLevel":"WARN"},"allowDebugAtProd":false,"enablePerformanceTimer":false,"type":"application"}
2022-11-30 01:17:50,380 INFO 7968 [egg-multipart] file mode enable
2022-11-30 01:17:50,380 INFO 7968 [egg-multipart] will save temporary files to "C:\\Users\\admin\\AppData\\Local\\Temp\\egg-multipart-tmp\\eggmysqlajax", cleanup job cron: "0 30 4 * * *"
2022-11-30 01:17:50,381 INFO 7968 [egg-mysql] connecting lan@localhost:3306/xiaomi
2022-11-30 01:17:50,810 INFO 7968 [egg-static] starting static serve /public/ -> C:\Users\admin\OneDrive\桌面\reax\youpin\youpin_server\app\public
2022-11-30 01:17:50,816 INFO 7968 [egg-security] use methodnoallow middleware
2022-11-30 01:17:50,817 INFO 7968 [egg-security] use noopen middleware
2022-11-30 01:17:50,819 INFO 7968 [egg-security] use nosniff middleware
2022-11-30 01:17:50,821 INFO 7968 [egg-security] use xssProtection middleware
2022-11-30 01:17:50,822 INFO 7968 [egg-security] use xframe middleware
2022-11-30 01:17:50,824 INFO 7968 [egg-security] use dta middleware
2022-11-30 01:17:50,824 INFO 7968 [egg-security] compose 6 middlewares into one security middleware
2022-11-30 01:17:50,862 INFO 7968 [egg:core] dump config after load, 15ms
2022-11-30 01:17:51,005 INFO 7968 [egg-watcher:application] watcher start success
2022-11-30 01:17:51,014 INFO 7968 [egg-mysql] instance[0] status OK, rds currentTime: Wed Nov 30 2022 01:17:51 GMT+0800 (中国标准时间)
2022-11-30 01:17:51,050 INFO 7968 [egg:core] dump config after ready, 32ms
2022-11-30 01:17:54,777 INFO 716 [egg:logger] init all loggers with options: {"dir":"C:\\Users\\admin\\OneDrive\\桌面\\reax\\youpin\\youpin_server\\logs\\eggmysqlajax","encoding":"utf8","env":"local","level":"INFO","consoleLevel":"INFO","disableConsoleAfterReady":false,"outputJSON":false,"buffer":true,"appLogName":"eggmysqlajax-web.log","coreLogName":"egg-web.log","agentLogName":"egg-agent.log","errorLogName":"common-error.log","coreLogger":{"consoleLevel":"WARN"},"allowDebugAtProd":false,"enablePerformanceTimer":false,"type":"application"}
2022-11-30 01:17:54,841 INFO 716 [egg-multipart] file mode enable
2022-11-30 01:17:54,841 INFO 716 [egg-multipart] will save temporary files to "C:\\Users\\admin\\AppData\\Local\\Temp\\egg-multipart-tmp\\eggmysqlajax", cleanup job cron: "0 30 4 * * *"
2022-11-30 01:17:54,843 INFO 716 [egg-mysql] connecting lan@localhost:3306/xiaomi
2022-11-30 01:17:55,194 INFO 716 [egg-static] starting static serve /public/ -> C:\Users\admin\OneDrive\桌面\reax\youpin\youpin_server\app\public
2022-11-30 01:17:55,201 INFO 716 [egg-security] use methodnoallow middleware
2022-11-30 01:17:55,202 INFO 716 [egg-security] use noopen middleware
2022-11-30 01:17:55,204 INFO 716 [egg-security] use nosniff middleware
2022-11-30 01:17:55,205 INFO 716 [egg-security] use xssProtection middleware
2022-11-30 01:17:55,206 INFO 716 [egg-security] use xframe middleware
2022-11-30 01:17:55,207 INFO 716 [egg-security] use dta middleware
2022-11-30 01:17:55,207 INFO 716 [egg-security] compose 6 middlewares into one security middleware
2022-11-30 01:17:55,237 INFO 716 [egg:core] dump config after load, 11ms
2022-11-30 01:17:55,312 INFO 716 [egg-watcher:application] watcher start success
2022-11-30 01:17:55,319 INFO 716 [egg-mysql] instance[0] status OK, rds currentTime: Wed Nov 30 2022 01:17:55 GMT+0800 (中国标准时间)
2022-11-30 01:17:55,338 INFO 716 [egg:core] dump config after ready, 16ms
2022-11-30 02:30:49,354 INFO 12656 [egg:logger] init all loggers with options: {"dir":"C:\\Users\\admin\\OneDrive\\桌面\\reax\\youpin\\youpin_server\\logs\\eggmysqlajax","encoding":"utf8","env":"local","level":"INFO","consoleLevel":"INFO","disableConsoleAfterReady":false,"outputJSON":false,"buffer":true,"appLogName":"eggmysqlajax-web.log","coreLogName":"egg-web.log","agentLogName":"egg-agent.log","errorLogName":"common-error.log","coreLogger":{"consoleLevel":"WARN"},"allowDebugAtProd":false,"enablePerformanceTimer":false,"type":"application"}
2022-11-30 02:30:49,475 INFO 12656 [egg-multipart] file mode enable
2022-11-30 02:30:49,475 INFO 12656 [egg-multipart] will save temporary files to "C:\\Users\\admin\\AppData\\Local\\Temp\\egg-multipart-tmp\\eggmysqlajax", cleanup job cron: "0 30 4 * * *"
2022-11-30 02:30:49,476 INFO 12656 [egg-mysql] connecting lan@localhost:3306/xiaomi
2022-11-30 02:30:50,237 INFO 12656 [egg-static] starting static serve /public/ -> C:\Users\admin\OneDrive\桌面\reax\youpin\youpin_server\app\public
2022-11-30 02:30:50,245 INFO 12656 [egg-security] use methodnoallow middleware
2022-11-30 02:30:50,248 INFO 12656 [egg-security] use noopen middleware
2022-11-30 02:30:50,260 INFO 12656 [egg-security] use nosniff middleware
2022-11-30 02:30:50,263 INFO 12656 [egg-security] use xssProtection middleware
2022-11-30 02:30:50,266 INFO 12656 [egg-security] use xframe middleware
2022-11-30 02:30:50,268 INFO 12656 [egg-security] use dta middleware
2022-11-30 02:30:50,268 INFO 12656 [egg-security] compose 6 middlewares into one security middleware
2022-11-30 02:30:50,335 INFO 12656 [egg:core] dump config after load, 12ms
2022-11-30 02:30:50,423 INFO 12656 [egg-watcher:application] watcher start success
2022-11-30 02:30:50,446 INFO 12656 [egg-mysql] instance[0] status OK, rds currentTime: Wed Nov 30 2022 02:30:50 GMT+0800 (中国标准时间)
2022-11-30 02:30:50,465 INFO 12656 [egg:core] dump config after ready, 14ms
2022-11-30 02:30:53,925 INFO 14148 [egg:logger] init all loggers with options: {"dir":"C:\\Users\\admin\\OneDrive\\桌面\\reax\\youpin\\youpin_server\\logs\\eggmysqlajax","encoding":"utf8","env":"local","level":"INFO","consoleLevel":"INFO","disableConsoleAfterReady":false,"outputJSON":false,"buffer":true,"appLogName":"eggmysqlajax-web.log","coreLogName":"egg-web.log","agentLogName":"egg-agent.log","errorLogName":"common-error.log","coreLogger":{"consoleLevel":"WARN"},"allowDebugAtProd":false,"enablePerformanceTimer":false,"type":"application"}
2022-11-30 02:30:53,995 INFO 14148 [egg-multipart] file mode enable
2022-11-30 02:30:53,995 INFO 14148 [egg-multipart] will save temporary files to "C:\\Users\\admin\\AppData\\Local\\Temp\\egg-multipart-tmp\\eggmysqlajax", cleanup job cron: "0 30 4 * * *"
2022-11-30 02:30:53,996 INFO 14148 [egg-mysql] connecting lan@localhost:3306/xiaomi
2022-11-30 02:30:54,474 INFO 14148 [egg-static] starting static serve /public/ -> C:\Users\admin\OneDrive\桌面\reax\youpin\youpin_server\app\public
2022-11-30 02:30:54,481 INFO 14148 [egg-security] use methodnoallow middleware
2022-11-30 02:30:54,483 INFO 14148 [egg-security] use noopen middleware
2022-11-30 02:30:54,485 INFO 14148 [egg-security] use nosniff middleware
2022-11-30 02:30:54,487 INFO 14148 [egg-security] use xssProtection middleware
2022-11-30 02:30:54,488 INFO 14148 [egg-security] use xframe middleware
2022-11-30 02:30:54,490 INFO 14148 [egg-security] use dta middleware
2022-11-30 02:30:54,490 INFO 14148 [egg-security] compose 6 middlewares into one security middleware
2022-11-30 02:30:54,563 INFO 14148 [egg:core] dump config after load, 33ms
2022-11-30 02:30:54,643 INFO 14148 [egg-watcher:application] watcher start success
2022-11-30 02:30:54,654 INFO 14148 [egg-mysql] instance[0] status OK, rds currentTime: Wed Nov 30 2022 02:30:54 GMT+0800 (中国标准时间)
2022-11-30 02:30:54,726 INFO 14148 [egg:core] dump config after ready, 67ms
2022-11-30 02:31:01,188 INFO 3032 [egg:logger] init all loggers with options: {"dir":"C:\\Users\\admin\\OneDrive\\桌面\\reax\\youpin\\youpin_server\\logs\\eggmysqlajax","encoding":"utf8","env":"local","level":"INFO","consoleLevel":"INFO","disableConsoleAfterReady":false,"outputJSON":false,"buffer":true,"appLogName":"eggmysqlajax-web.log","coreLogName":"egg-web.log","agentLogName":"egg-agent.log","errorLogName":"common-error.log","coreLogger":{"consoleLevel":"WARN"},"allowDebugAtProd":false,"enablePerformanceTimer":false,"type":"application"}
2022-11-30 02:31:01,259 INFO 3032 [egg-multipart] file mode enable
2022-11-30 02:31:01,259 INFO 3032 [egg-multipart] will save temporary files to "C:\\Users\\admin\\AppData\\Local\\Temp\\egg-multipart-tmp\\eggmysqlajax", cleanup job cron: "0 30 4 * * *"
2022-11-30 02:31:01,260 INFO 3032 [egg-mysql] connecting lan@localhost:3306/xiaomi
2022-11-30 02:31:01,692 INFO 3032 [egg-static] starting static serve /public/ -> C:\Users\admin\OneDrive\桌面\reax\youpin\youpin_server\app\public
2022-11-30 02:31:01,696 INFO 3032 [egg-security] use methodnoallow middleware
2022-11-30 02:31:01,698 INFO 3032 [egg-security] use noopen middleware
2022-11-30 02:31:01,700 INFO 3032 [egg-security] use nosniff middleware
2022-11-30 02:31:01,702 INFO 3032 [egg-security] use xssProtection middleware
2022-11-30 02:31:01,703 INFO 3032 [egg-security] use xframe middleware
2022-11-30 02:31:01,704 INFO 3032 [egg-security] use dta middleware
2022-11-30 02:31:01,704 INFO 3032 [egg-security] compose 6 middlewares into one security middleware
2022-11-30 02:31:01,737 INFO 3032 [egg:core] dump config after load, 11ms
2022-11-30 02:31:01,820 INFO 3032 [egg-watcher:application] watcher start success
2022-11-30 02:31:01,827 INFO 3032 [egg-mysql] instance[0] status OK, rds currentTime: Wed Nov 30 2022 02:31:01 GMT+0800 (中国标准时间)
2022-11-30 02:31:01,845 INFO 3032 [egg:core] dump config after ready, 14ms
2022-11-30 02:31:09,454 INFO 5236 [egg:logger] init all loggers with options: {"dir":"C:\\Users\\admin\\OneDrive\\桌面\\reax\\youpin\\youpin_server\\logs\\eggmysqlajax","encoding":"utf8","env":"local","level":"INFO","consoleLevel":"INFO","disableConsoleAfterReady":false,"outputJSON":false,"buffer":true,"appLogName":"eggmysqlajax-web.log","coreLogName":"egg-web.log","agentLogName":"egg-agent.log","errorLogName":"common-error.log","coreLogger":{"consoleLevel":"WARN"},"allowDebugAtProd":false,"enablePerformanceTimer":false,"type":"application"}
2022-11-30 02:31:09,538 INFO 5236 [egg-multipart] file mode enable
2022-11-30 02:31:09,538 INFO 5236 [egg-multipart] will save temporary files to "C:\\Users\\admin\\AppData\\Local\\Temp\\egg-multipart-tmp\\eggmysqlajax", cleanup job cron: "0 30 4 * * *"
2022-11-30 02:31:09,539 INFO 5236 [egg-mysql] connecting lan@localhost:3306/xiaomi
2022-11-30 02:31:09,987 INFO 5236 [egg-static] starting static serve /public/ -> C:\Users\admin\OneDrive\桌面\reax\youpin\youpin_server\app\public
2022-11-30 02:31:09,994 INFO 5236 [egg-security] use methodnoallow middleware
2022-11-30 02:31:09,995 INFO 5236 [egg-security] use noopen middleware
2022-11-30 02:31:09,998 INFO 5236 [egg-security] use nosniff middleware
2022-11-30 02:31:10,000 INFO 5236 [egg-security] use xssProtection middleware
2022-11-30 02:31:10,001 INFO 5236 [egg-security] use xframe middleware
2022-11-30 02:31:10,003 INFO 5236 [egg-security] use dta middleware
2022-11-30 02:31:10,003 INFO 5236 [egg-security] compose 6 middlewares into one security middleware
2022-11-30 02:31:10,045 INFO 5236 [egg:core] dump config after load, 14ms
2022-11-30 02:31:10,101 INFO 5236 [egg-watcher:application] watcher start success
2022-11-30 02:31:10,128 INFO 5236 [egg-mysql] instance[0] status OK, rds currentTime: Wed Nov 30 2022 02:31:10 GMT+0800 (中国标准时间)
2022-11-30 02:31:10,147 INFO 5236 [egg:core] dump config after ready, 15ms
2022-11-30 02:31:14,675 INFO 7036 [egg:logger] init all loggers with options: {"dir":"C:\\Users\\admin\\OneDrive\\桌面\\reax\\youpin\\youpin_server\\logs\\eggmysqlajax","encoding":"utf8","env":"local","level":"INFO","consoleLevel":"INFO","disableConsoleAfterReady":false,"outputJSON":false,"buffer":true,"appLogName":"eggmysqlajax-web.log","coreLogName":"egg-web.log","agentLogName":"egg-agent.log","errorLogName":"common-error.log","coreLogger":{"consoleLevel":"WARN"},"allowDebugAtProd":false,"enablePerformanceTimer":false,"type":"application"}
2022-11-30 02:31:14,730 INFO 7036 [egg-multipart] file mode enable
2022-11-30 02:31:14,730 INFO 7036 [egg-multipart] will save temporary files to "C:\\Users\\admin\\AppData\\Local\\Temp\\egg-multipart-tmp\\eggmysqlajax", cleanup job cron: "0 30 4 * * *"
2022-11-30 02:31:14,731 INFO 7036 [egg-mysql] connecting lan@localhost:3306/xiaomi
2022-11-30 02:31:15,210 INFO 7036 [egg-static] starting static serve /public/ -> C:\Users\admin\OneDrive\桌面\reax\youpin\youpin_server\app\public
2022-11-30 02:31:15,215 INFO 7036 [egg-security] use methodnoallow middleware
2022-11-30 02:31:15,217 INFO 7036 [egg-security] use noopen middleware
2022-11-30 02:31:15,219 INFO 7036 [egg-security] use nosniff middleware
2022-11-30 02:31:15,220 INFO 7036 [egg-security] use xssProtection middleware
2022-11-30 02:31:15,222 INFO 7036 [egg-security] use xframe middleware
2022-11-30 02:31:15,223 INFO 7036 [egg-security] use dta middleware
2022-11-30 02:31:15,223 INFO 7036 [egg-security] compose 6 middlewares into one security middleware
2022-11-30 02:31:15,261 INFO 7036 [egg:core] dump config after load, 14ms
2022-11-30 02:31:15,337 INFO 7036 [egg-watcher:application] watcher start success
2022-11-30 02:31:15,347 INFO 7036 [egg-mysql] instance[0] status OK, rds currentTime: Wed Nov 30 2022 02:31:15 GMT+0800 (中国标准时间)
2022-11-30 02:31:15,396 INFO 7036 [egg:core] dump config after ready, 45ms
2022-11-30 02:31:19,517 INFO 8244 [egg:logger] init all loggers with options: {"dir":"C:\\Users\\admin\\OneDrive\\桌面\\reax\\youpin\\youpin_server\\logs\\eggmysqlajax","encoding":"utf8","env":"local","level":"INFO","consoleLevel":"INFO","disableConsoleAfterReady":false,"outputJSON":false,"buffer":true,"appLogName":"eggmysqlajax-web.log","coreLogName":"egg-web.log","agentLogName":"egg-agent.log","errorLogName":"common-error.log","coreLogger":{"consoleLevel":"WARN"},"allowDebugAtProd":false,"enablePerformanceTimer":false,"type":"application"}
2022-11-30 02:31:19,594 INFO 8244 [egg-multipart] file mode enable
2022-11-30 02:31:19,594 INFO 8244 [egg-multipart] will save temporary files to "C:\\Users\\admin\\AppData\\Local\\Temp\\egg-multipart-tmp\\eggmysqlajax", cleanup job cron: "0 30 4 * * *"
2022-11-30 02:31:19,594 INFO 8244 [egg-mysql] connecting lan@localhost:3306/xiaomi
2022-11-30 02:31:20,036 INFO 8244 [egg-static] starting static serve /public/ -> C:\Users\admin\OneDrive\桌面\reax\youpin\youpin_server\app\public
2022-11-30 02:31:20,042 INFO 8244 [egg-security] use methodnoallow middleware
2022-11-30 02:31:20,044 INFO 8244 [egg-security] use noopen middleware
2022-11-30 02:31:20,046 INFO 8244 [egg-security] use nosniff middleware
2022-11-30 02:31:20,049 INFO 8244 [egg-security] use xssProtection middleware
2022-11-30 02:31:20,051 INFO 8244 [egg-security] use xframe middleware
2022-11-30 02:31:20,052 INFO 8244 [egg-security] use dta middleware
2022-11-30 02:31:20,053 INFO 8244 [egg-security] compose 6 middlewares into one security middleware
2022-11-30 02:31:20,109 INFO 8244 [egg:core] dump config after load, 23ms
2022-11-30 02:31:20,186 INFO 8244 [egg-watcher:application] watcher start success
2022-11-30 02:31:20,195 INFO 8244 [egg-mysql] instance[0] status OK, rds currentTime: Wed Nov 30 2022 02:31:20 GMT+0800 (中国标准时间)
2022-11-30 02:31:20,218 INFO 8244 [egg:core] dump config after ready, 18ms
2022-11-30 02:31:22,445 INFO 12632 [egg:logger] init all loggers with options: {"dir":"C:\\Users\\admin\\OneDrive\\桌面\\reax\\youpin\\youpin_server\\logs\\eggmysqlajax","encoding":"utf8","env":"local","level":"INFO","consoleLevel":"INFO","disableConsoleAfterReady":false,"outputJSON":false,"buffer":true,"appLogName":"eggmysqlajax-web.log","coreLogName":"egg-web.log","agentLogName":"egg-agent.log","errorLogName":"common-error.log","coreLogger":{"consoleLevel":"WARN"},"allowDebugAtProd":false,"enablePerformanceTimer":false,"type":"application"}
2022-11-30 02:31:22,682 INFO 12632 [egg-multipart] file mode enable
2022-11-30 02:31:22,682 INFO 12632 [egg-multipart] will save temporary files to "C:\\Users\\admin\\AppData\\Local\\Temp\\egg-multipart-tmp\\eggmysqlajax", cleanup job cron: "0 30 4 * * *"
2022-11-30 02:31:22,683 INFO 12632 [egg-mysql] connecting lan@localhost:3306/xiaomi
2022-11-30 02:31:23,423 INFO 12632 [egg-static] starting static serve /public/ -> C:\Users\admin\OneDrive\桌面\reax\youpin\youpin_server\app\public
2022-11-30 02:31:23,429 INFO 12632 [egg-security] use methodnoallow middleware
2022-11-30 02:31:23,431 INFO 12632 [egg-security] use noopen middleware
2022-11-30 02:31:23,433 INFO 12632 [egg-security] use nosniff middleware
2022-11-30 02:31:23,435 INFO 12632 [egg-security] use xssProtection middleware
2022-11-30 02:31:23,436 INFO 12632 [egg-security] use xframe middleware
2022-11-30 02:31:23,437 INFO 12632 [egg-security] use dta middleware
2022-11-30 02:31:23,438 INFO 12632 [egg-security] compose 6 middlewares into one security middleware
2022-11-30 02:31:23,479 INFO 12632 [egg:core] dump config after load, 15ms
2022-11-30 02:31:23,546 INFO 12632 [egg-watcher:application] watcher start success
2022-11-30 02:31:23,564 INFO 12632 [egg-mysql] instance[0] status OK, rds currentTime: Wed Nov 30 2022 02:31:23 GMT+0800 (中国标准时间)
2022-11-30 02:31:23,582 INFO 12632 [egg:core] dump config after ready, 15ms
2022-11-30 02:31:48,230 INFO 6252 [egg:logger] init all loggers with options: {"dir":"C:\\Users\\admin\\OneDrive\\桌面\\reax\\youpin\\youpin_server\\logs\\eggmysqlajax","encoding":"utf8","env":"local","level":"INFO","consoleLevel":"INFO","disableConsoleAfterReady":false,"outputJSON":false,"buffer":true,"appLogName":"eggmysqlajax-web.log","coreLogName":"egg-web.log","agentLogName":"egg-agent.log","errorLogName":"common-error.log","coreLogger":{"consoleLevel":"WARN"},"allowDebugAtProd":false,"enablePerformanceTimer":false,"type":"application"}
2022-11-30 02:31:48,293 INFO 6252 [egg-multipart] file mode enable
2022-11-30 02:31:48,293 INFO 6252 [egg-multipart] will save temporary files to "C:\\Users\\admin\\AppData\\Local\\Temp\\egg-multipart-tmp\\eggmysqlajax", cleanup job cron: "0 30 4 * * *"
2022-11-30 02:31:48,293 INFO 6252 [egg-mysql] connecting lan@localhost:3306/xiaomi
2022-11-30 02:31:48,670 INFO 6252 [egg-static] starting static serve /public/ -> C:\Users\admin\OneDrive\桌面\reax\youpin\youpin_server\app\public
2022-11-30 02:31:48,676 INFO 6252 [egg-security] use methodnoallow middleware
2022-11-30 02:31:48,678 INFO 6252 [egg-security] use noopen middleware
2022-11-30 02:31:48,680 INFO 6252 [egg-security] use nosniff middleware
2022-11-30 02:31:48,681 INFO 6252 [egg-security] use xssProtection middleware
2022-11-30 02:31:48,683 INFO 6252 [egg-security] use xframe middleware
2022-11-30 02:31:48,684 INFO 6252 [egg-security] use dta middleware
2022-11-30 02:31:48,684 INFO 6252 [egg-security] compose 6 middlewares into one security middleware
2022-11-30 02:31:48,714 INFO 6252 [egg:core] dump config after load, 11ms
2022-11-30 02:31:48,781 INFO 6252 [egg-watcher:application] watcher start success
2022-11-30 02:31:48,789 INFO 6252 [egg-mysql] instance[0] status OK, rds currentTime: Wed Nov 30 2022 02:31:48 GMT+0800 (中国标准时间)
2022-11-30 02:31:48,814 INFO 6252 [egg:core] dump config after ready, 21ms
2022-11-30 02:32:41,144 INFO 13480 [egg:logger] init all loggers with options: {"dir":"C:\\Users\\admin\\OneDrive\\桌面\\reax\\youpin\\youpin_server\\logs\\eggmysqlajax","encoding":"utf8","env":"local","level":"INFO","consoleLevel":"INFO","disableConsoleAfterReady":false,"outputJSON":false,"buffer":true,"appLogName":"eggmysqlajax-web.log","coreLogName":"egg-web.log","agentLogName":"egg-agent.log","errorLogName":"common-error.log","coreLogger":{"consoleLevel":"WARN"},"allowDebugAtProd":false,"enablePerformanceTimer":false,"type":"application"}
2022-11-30 02:32:41,213 INFO 13480 [egg-multipart] file mode enable
2022-11-30 02:32:41,213 INFO 13480 [egg-multipart] will save temporary files to "C:\\Users\\admin\\AppData\\Local\\Temp\\egg-multipart-tmp\\eggmysqlajax", cleanup job cron: "0 30 4 * * *"
2022-11-30 02:32:41,213 INFO 13480 [egg-mysql] connecting lan@localhost:3306/xiaomi
2022-11-30 02:32:41,627 INFO 13480 [egg-static] starting static serve /public/ -> C:\Users\admin\OneDrive\桌面\reax\youpin\youpin_server\app\public
2022-11-30 02:32:41,634 INFO 13480 [egg-security] use methodnoallow middleware
2022-11-30 02:32:41,636 INFO 13480 [egg-security] use noopen middleware
2022-11-30 02:32:41,639 INFO 13480 [egg-security] use nosniff middleware
2022-11-30 02:32:41,640 INFO 13480 [egg-security] use xssProtection middleware
2022-11-30 02:32:41,642 INFO 13480 [egg-security] use xframe middleware
2022-11-30 02:32:41,643 INFO 13480 [egg-security] use dta middleware
2022-11-30 02:32:41,643 INFO 13480 [egg-security] compose 6 middlewares into one security middleware
2022-11-30 02:32:41,689 INFO 13480 [egg:core] dump config after load, 23ms
2022-11-30 02:32:41,763 INFO 13480 [egg-watcher:application] watcher start success
2022-11-30 02:32:41,770 INFO 13480 [egg-mysql] instance[0] status OK, rds currentTime: Wed Nov 30 2022 02:32:41 GMT+0800 (中国标准时间)
2022-11-30 02:32:41,788 INFO 13480 [egg:core] dump config after ready, 13ms
2022-11-30 02:32:43,961 INFO 13964 [egg:logger] init all loggers with options: {"dir":"C:\\Users\\admin\\OneDrive\\桌面\\reax\\youpin\\youpin_server\\logs\\eggmysqlajax","encoding":"utf8","env":"local","level":"INFO","consoleLevel":"INFO","disableConsoleAfterReady":false,"outputJSON":false,"buffer":true,"appLogName":"eggmysqlajax-web.log","coreLogName":"egg-web.log","agentLogName":"egg-agent.log","errorLogName":"common-error.log","coreLogger":{"consoleLevel":"WARN"},"allowDebugAtProd":false,"enablePerformanceTimer":false,"type":"application"}
2022-11-30 02:32:44,041 INFO 13964 [egg-multipart] file mode enable
2022-11-30 02:32:44,041 INFO 13964 [egg-multipart] will save temporary files to "C:\\Users\\admin\\AppData\\Local\\Temp\\egg-multipart-tmp\\eggmysqlajax", cleanup job cron: "0 30 4 * * *"
2022-11-30 02:32:44,042 INFO 13964 [egg-mysql] connecting lan@localhost:3306/xiaomi
2022-11-30 02:32:44,504 INFO 13964 [egg-static] starting static serve /public/ -> C:\Users\admin\OneDrive\桌面\reax\youpin\youpin_server\app\public
2022-11-30 02:32:44,508 INFO 13964 [egg-security] use methodnoallow middleware
2022-11-30 02:32:44,510 INFO 13964 [egg-security] use noopen middleware
2022-11-30 02:32:44,512 INFO 13964 [egg-security] use nosniff middleware
2022-11-30 02:32:44,513 INFO 13964 [egg-security] use xssProtection middleware
2022-11-30 02:32:44,514 INFO 13964 [egg-security] use xframe middleware
2022-11-30 02:32:44,515 INFO 13964 [egg-security] use dta middleware
2022-11-30 02:32:44,515 INFO 13964 [egg-security] compose 6 middlewares into one security middleware
2022-11-30 02:32:44,549 INFO 13964 [egg:core] dump config after load, 11ms
2022-11-30 02:32:44,613 INFO 13964 [egg-watcher:application] watcher start success
2022-11-30 02:32:44,619 INFO 13964 [egg-mysql] instance[0] status OK, rds currentTime: Wed Nov 30 2022 02:32:44 GMT+0800 (中国标准时间)
2022-11-30 02:32:44,635 INFO 13964 [egg:core] dump config after ready, 12ms
2022-11-30 02:32:50,999 INFO 1556 [egg:logger] init all loggers with options: {"dir":"C:\\Users\\admin\\OneDrive\\桌面\\reax\\youpin\\youpin_server\\logs\\eggmysqlajax","encoding":"utf8","env":"local","level":"INFO","consoleLevel":"INFO","disableConsoleAfterReady":false,"outputJSON":false,"buffer":true,"appLogName":"eggmysqlajax-web.log","coreLogName":"egg-web.log","agentLogName":"egg-agent.log","errorLogName":"common-error.log","coreLogger":{"consoleLevel":"WARN"},"allowDebugAtProd":false,"enablePerformanceTimer":false,"type":"application"}
2022-11-30 02:32:51,145 INFO 1556 [egg-multipart] file mode enable
2022-11-30 02:32:51,145 INFO 1556 [egg-multipart] will save temporary files to "C:\\Users\\admin\\AppData\\Local\\Temp\\egg-multipart-tmp\\eggmysqlajax", cleanup job cron: "0 30 4 * * *"
2022-11-30 02:32:51,146 INFO 1556 [egg-mysql] connecting lan@localhost:3306/xiaomi
2022-11-30 02:32:51,855 INFO 1556 [egg-static] starting static serve /public/ -> C:\Users\admin\OneDrive\桌面\reax\youpin\youpin_server\app\public
2022-11-30 02:32:51,860 INFO 1556 [egg-security] use methodnoallow middleware
2022-11-30 02:32:51,862 INFO 1556 [egg-security] use noopen middleware
2022-11-30 02:32:51,864 INFO 1556 [egg-security] use nosniff middleware
2022-11-30 02:32:51,866 INFO 1556 [egg-security] use xssProtection middleware
2022-11-30 02:32:51,867 INFO 1556 [egg-security] use xframe middleware
2022-11-30 02:32:51,868 INFO 1556 [egg-security] use dta middleware
2022-11-30 02:32:51,869 INFO 1556 [egg-security] compose 6 middlewares into one security middleware
2022-11-30 02:32:51,930 INFO 1556 [egg:core] dump config after load, 18ms
2022-11-30 02:32:52,002 INFO 1556 [egg-watcher:application] watcher start success
2022-11-30 02:32:52,009 INFO 1556 [egg-mysql] instance[0] status OK, rds currentTime: Wed Nov 30 2022 02:32:52 GMT+0800 (中国标准时间)
2022-11-30 02:32:52,029 INFO 1556 [egg:core] dump config after ready, 16ms
2022-11-30 02:32:55,650 INFO 908 [egg:logger] init all loggers with options: {"dir":"C:\\Users\\admin\\OneDrive\\桌面\\reax\\youpin\\youpin_server\\logs\\eggmysqlajax","encoding":"utf8","env":"local","level":"INFO","consoleLevel":"INFO","disableConsoleAfterReady":false,"outputJSON":false,"buffer":true,"appLogName":"eggmysqlajax-web.log","coreLogName":"egg-web.log","agentLogName":"egg-agent.log","errorLogName":"common-error.log","coreLogger":{"consoleLevel":"WARN"},"allowDebugAtProd":false,"enablePerformanceTimer":false,"type":"application"}
2022-11-30 02:32:55,734 INFO 908 [egg-multipart] file mode enable
2022-11-30 02:32:55,734 INFO 908 [egg-multipart] will save temporary files to "C:\\Users\\admin\\AppData\\Local\\Temp\\egg-multipart-tmp\\eggmysqlajax", cleanup job cron: "0 30 4 * * *"
2022-11-30 02:32:55,735 INFO 908 [egg-mysql] connecting lan@localhost:3306/xiaomi
2022-11-30 02:32:56,409 INFO 908 [egg-static] starting static serve /public/ -> C:\Users\admin\OneDrive\桌面\reax\youpin\youpin_server\app\public
2022-11-30 02:32:56,416 INFO 908 [egg-security] use methodnoallow middleware
2022-11-30 02:32:56,421 INFO 908 [egg-security] use noopen middleware
2022-11-30 02:32:56,453 INFO 908 [egg-security] use nosniff middleware
2022-11-30 02:32:56,454 INFO 908 [egg-security] use xssProtection middleware
2022-11-30 02:32:56,455 INFO 908 [egg-security] use xframe middleware
2022-11-30 02:32:56,457 INFO 908 [egg-security] use dta middleware
2022-11-30 02:32:56,457 INFO 908 [egg-security] compose 6 middlewares into one security middleware
2022-11-30 02:32:56,534 INFO 908 [egg:core] dump config after load, 38ms
2022-11-30 02:32:56,637 INFO 908 [egg-watcher:application] watcher start success
2022-11-30 02:32:56,647 INFO 908 [egg-mysql] instance[0] status OK, rds currentTime: Wed Nov 30 2022 02:32:56 GMT+0800 (中国标准时间)
2022-11-30 02:32:56,667 INFO 908 [egg:core] dump config after ready, 14ms
2022-11-30 02:33:00,553 INFO 6160 [egg:logger] init all loggers with options: {"dir":"C:\\Users\\admin\\OneDrive\\桌面\\reax\\youpin\\youpin_server\\logs\\eggmysqlajax","encoding":"utf8","env":"local","level":"INFO","consoleLevel":"INFO","disableConsoleAfterReady":false,"outputJSON":false,"buffer":true,"appLogName":"eggmysqlajax-web.log","coreLogName":"egg-web.log","agentLogName":"egg-agent.log","errorLogName":"common-error.log","coreLogger":{"consoleLevel":"WARN"},"allowDebugAtProd":false,"enablePerformanceTimer":false,"type":"application"}
2022-11-30 02:33:00,640 INFO 6160 [egg-multipart] file mode enable
2022-11-30 02:33:00,640 INFO 6160 [egg-multipart] will save temporary files to "C:\\Users\\admin\\AppData\\Local\\Temp\\egg-multipart-tmp\\eggmysqlajax", cleanup job cron: "0 30 4 * * *"
2022-11-30 02:33:00,641 INFO 6160 [egg-mysql] connecting lan@localhost:3306/xiaomi
2022-11-30 02:33:01,065 INFO 6160 [egg-static] starting static serve /public/ -> C:\Users\admin\OneDrive\桌面\reax\youpin\youpin_server\app\public
2022-11-30 02:33:01,071 INFO 6160 [egg-security] use methodnoallow middleware
2022-11-30 02:33:01,073 INFO 6160 [egg-security] use noopen middleware
2022-11-30 02:33:01,075 INFO 6160 [egg-security] use nosniff middleware
2022-11-30 02:33:01,077 INFO 6160 [egg-security] use xssProtection middleware
2022-11-30 02:33:01,079 INFO 6160 [egg-security] use xframe middleware
2022-11-30 02:33:01,080 INFO 6160 [egg-security] use dta middleware
2022-11-30 02:33:01,080 INFO 6160 [egg-security] compose 6 middlewares into one security middleware
2022-11-30 02:33:01,112 INFO 6160 [egg:core] dump config after load, 12ms
2022-11-30 02:33:01,182 INFO 6160 [egg-watcher:application] watcher start success
2022-11-30 02:33:01,189 INFO 6160 [egg-mysql] instance[0] status OK, rds currentTime: Wed Nov 30 2022 02:33:01 GMT+0800 (中国标准时间)
2022-11-30 02:33:01,209 INFO 6160 [egg:core] dump config after ready, 15ms
2022-11-30 02:33:21,394 INFO 9652 [egg:logger] init all loggers with options: {"dir":"C:\\Users\\admin\\OneDrive\\桌面\\reax\\youpin\\youpin_server\\logs\\eggmysqlajax","encoding":"utf8","env":"local","level":"INFO","consoleLevel":"INFO","disableConsoleAfterReady":false,"outputJSON":false,"buffer":true,"appLogName":"eggmysqlajax-web.log","coreLogName":"egg-web.log","agentLogName":"egg-agent.log","errorLogName":"common-error.log","coreLogger":{"consoleLevel":"WARN"},"allowDebugAtProd":false,"enablePerformanceTimer":false,"type":"application"}
2022-11-30 02:33:21,468 INFO 9652 [egg-multipart] file mode enable
2022-11-30 02:33:21,468 INFO 9652 [egg-multipart] will save temporary files to "C:\\Users\\admin\\AppData\\Local\\Temp\\egg-multipart-tmp\\eggmysqlajax", cleanup job cron: "0 30 4 * * *"
2022-11-30 02:33:21,469 INFO 9652 [egg-mysql] connecting lan@localhost:3306/xiaomi
2022-11-30 02:33:21,892 INFO 9652 [egg-static] starting static serve /public/ -> C:\Users\admin\OneDrive\桌面\reax\youpin\youpin_server\app\public
2022-11-30 02:33:21,897 INFO 9652 [egg-security] use methodnoallow middleware
2022-11-30 02:33:21,899 INFO 9652 [egg-security] use noopen middleware
2022-11-30 02:33:21,901 INFO 9652 [egg-security] use nosniff middleware
2022-11-30 02:33:21,902 INFO 9652 [egg-security] use xssProtection middleware
2022-11-30 02:33:21,903 INFO 9652 [egg-security] use xframe middleware
2022-11-30 02:33:21,905 INFO 9652 [egg-security] use dta middleware
2022-11-30 02:33:21,905 INFO 9652 [egg-security] compose 6 middlewares into one security middleware
2022-11-30 02:33:21,944 INFO 9652 [egg:core] dump config after load, 16ms
2022-11-30 02:33:22,021 INFO 9652 [egg-watcher:application] watcher start success
2022-11-30 02:33:22,029 INFO 9652 [egg-mysql] instance[0] status OK, rds currentTime: Wed Nov 30 2022 02:33:22 GMT+0800 (中国标准时间)
2022-11-30 02:33:22,066 INFO 9652 [egg:core] dump config after ready, 32ms
2022-11-30 02:33:38,446 INFO 9964 [egg:logger] init all loggers with options: {"dir":"C:\\Users\\admin\\OneDrive\\桌面\\reax\\youpin\\youpin_server\\logs\\eggmysqlajax","encoding":"utf8","env":"local","level":"INFO","consoleLevel":"INFO","disableConsoleAfterReady":false,"outputJSON":false,"buffer":true,"appLogName":"eggmysqlajax-web.log","coreLogName":"egg-web.log","agentLogName":"egg-agent.log","errorLogName":"common-error.log","coreLogger":{"consoleLevel":"WARN"},"allowDebugAtProd":false,"enablePerformanceTimer":false,"type":"application"}
2022-11-30 02:33:38,520 INFO 9964 [egg-multipart] file mode enable
2022-11-30 02:33:38,520 INFO 9964 [egg-multipart] will save temporary files to "C:\\Users\\admin\\AppData\\Local\\Temp\\egg-multipart-tmp\\eggmysqlajax", cleanup job cron: "0 30 4 * * *"
2022-11-30 02:33:38,521 INFO 9964 [egg-mysql] connecting lan@localhost:3306/xiaomi
2022-11-30 02:33:38,928 INFO 9964 [egg-static] starting static serve /public/ -> C:\Users\admin\OneDrive\桌面\reax\youpin\youpin_server\app\public
2022-11-30 02:33:38,936 INFO 9964 [egg-security] use methodnoallow middleware
2022-11-30 02:33:38,938 INFO 9964 [egg-security] use noopen middleware
2022-11-30 02:33:38,939 INFO 9964 [egg-security] use nosniff middleware
2022-11-30 02:33:38,941 INFO 9964 [egg-security] use xssProtection middleware
2022-11-30 02:33:38,942 INFO 9964 [egg-security] use xframe middleware
2022-11-30 02:33:38,943 INFO 9964 [egg-security] use dta middleware
2022-11-30 02:33:38,943 INFO 9964 [egg-security] compose 6 middlewares into one security middleware
2022-11-30 02:33:38,980 INFO 9964 [egg:core] dump config after load, 15ms
2022-11-30 02:33:39,040 INFO 9964 [egg-watcher:application] watcher start success
2022-11-30 02:33:39,047 INFO 9964 [egg-mysql] instance[0] status OK, rds currentTime: Wed Nov 30 2022 02:33:39 GMT+0800 (中国标准时间)
2022-11-30 02:33:39,070 INFO 9964 [egg:core] dump config after ready, 18ms
2022-11-30 02:33:41,188 INFO 7756 [egg:logger] init all loggers with options: {"dir":"C:\\Users\\admin\\OneDrive\\桌面\\reax\\youpin\\youpin_server\\logs\\eggmysqlajax","encoding":"utf8","env":"local","level":"INFO","consoleLevel":"INFO","disableConsoleAfterReady":false,"outputJSON":false,"buffer":true,"appLogName":"eggmysqlajax-web.log","coreLogName":"egg-web.log","agentLogName":"egg-agent.log","errorLogName":"common-error.log","coreLogger":{"consoleLevel":"WARN"},"allowDebugAtProd":false,"enablePerformanceTimer":false,"type":"application"}
2022-11-30 02:33:41,340 INFO 7756 [egg-multipart] file mode enable
2022-11-30 02:33:41,340 INFO 7756 [egg-multipart] will save temporary files to "C:\\Users\\admin\\AppData\\Local\\Temp\\egg-multipart-tmp\\eggmysqlajax", cleanup job cron: "0 30 4 * * *"
2022-11-30 02:33:41,341 INFO 7756 [egg-mysql] connecting lan@localhost:3306/xiaomi
2022-11-30 02:33:41,839 INFO 7756 [egg-static] starting static serve /public/ -> C:\Users\admin\OneDrive\桌面\reax\youpin\youpin_server\app\public
2022-11-30 02:33:41,844 INFO 7756 [egg-security] use methodnoallow middleware
2022-11-30 02:33:41,846 INFO 7756 [egg-security] use noopen middleware
2022-11-30 02:33:41,847 INFO 7756 [egg-security] use nosniff middleware
2022-11-30 02:33:41,849 INFO 7756 [egg-security] use xssProtection middleware
2022-11-30 02:33:41,850 INFO 7756 [egg-security] use xframe middleware
2022-11-30 02:33:41,851 INFO 7756 [egg-security] use dta middleware
2022-11-30 02:33:41,852 INFO 7756 [egg-security] compose 6 middlewares into one security middleware
2022-11-30 02:33:41,886 INFO 7756 [egg:core] dump config after load, 13ms
2022-11-30 02:33:41,947 INFO 7756 [egg-watcher:application] watcher start success
2022-11-30 02:33:41,954 INFO 7756 [egg-mysql] instance[0] status OK, rds currentTime: Wed Nov 30 2022 02:33:41 GMT+0800 (中国标准时间)
2022-11-30 02:33:41,973 INFO 7756 [egg:core] dump config after ready, 16ms
2022-11-30 09:22:23,453 INFO 10788 [egg:logger] init all loggers with options: {"dir":"C:\\Users\\admin\\OneDrive\\桌面\\reax\\youpin\\youpin_server\\logs\\eggmysqlajax","encoding":"utf8","env":"local","level":"INFO","consoleLevel":"INFO","disableConsoleAfterReady":false,"outputJSON":false,"buffer":true,"appLogName":"eggmysqlajax-web.log","coreLogName":"egg-web.log","agentLogName":"egg-agent.log","errorLogName":"common-error.log","coreLogger":{"consoleLevel":"WARN"},"allowDebugAtProd":false,"enablePerformanceTimer":false,"type":"application"}
2022-11-30 09:22:23,594 INFO 10788 [egg-multipart] file mode enable
2022-11-30 09:22:23,594 INFO 10788 [egg-multipart] will save temporary files to "C:\\Users\\admin\\AppData\\Local\\Temp\\egg-multipart-tmp\\eggmysqlajax", cleanup job cron: "0 30 4 * * *"
2022-11-30 09:22:23,597 INFO 10788 [egg-mysql] connecting lan@localhost:3306/xiaomi
2022-11-30 09:22:24,505 INFO 10788 [egg-static] starting static serve /public/ -> C:\Users\admin\OneDrive\桌面\reax\youpin\youpin_server\app\public
2022-11-30 09:22:24,514 INFO 10788 [egg-security] use methodnoallow middleware
2022-11-30 09:22:24,517 INFO 10788 [egg-security] use noopen middleware
2022-11-30 09:22:24,520 INFO 10788 [egg-security] use nosniff middleware
2022-11-30 09:22:24,526 INFO 10788 [egg-security] use xssProtection middleware
2022-11-30 09:22:24,543 INFO 10788 [egg-security] use xframe middleware
2022-11-30 09:22:24,545 INFO 10788 [egg-security] use dta middleware
2022-11-30 09:22:24,546 INFO 10788 [egg-security] compose 6 middlewares into one security middleware
2022-11-30 09:22:24,602 INFO 10788 [egg:core] dump config after load, 11ms
2022-11-30 09:22:24,690 INFO 10788 [egg-watcher:application] watcher start success
2022-11-30 09:22:24,715 INFO 10788 [egg-mysql] instance[0] status OK, rds currentTime: Wed Nov 30 2022 09:22:24 GMT+0800 (中国标准时间)
2022-11-30 09:22:24,732 INFO 10788 [egg:core] dump config after ready, 12ms
2022-11-30 09:22:30,292 INFO 12472 [egg:logger] init all loggers with options: {"dir":"C:\\Users\\admin\\OneDrive\\桌面\\reax\\youpin\\youpin_server\\logs\\eggmysqlajax","encoding":"utf8","env":"local","level":"INFO","consoleLevel":"INFO","disableConsoleAfterReady":false,"outputJSON":false,"buffer":true,"appLogName":"eggmysqlajax-web.log","coreLogName":"egg-web.log","agentLogName":"egg-agent.log","errorLogName":"common-error.log","coreLogger":{"consoleLevel":"WARN"},"allowDebugAtProd":false,"enablePerformanceTimer":false,"type":"application"}
2022-11-30 09:22:30,408 INFO 12472 [egg-multipart] file mode enable
2022-11-30 09:22:30,408 INFO 12472 [egg-multipart] will save temporary files to "C:\\Users\\admin\\AppData\\Local\\Temp\\egg-multipart-tmp\\eggmysqlajax", cleanup job cron: "0 30 4 * * *"
2022-11-30 09:22:30,409 INFO 12472 [egg-mysql] connecting lan@localhost:3306/xiaomi
2022-11-30 09:22:31,063 INFO 12472 [egg-static] starting static serve /public/ -> C:\Users\admin\OneDrive\桌面\reax\youpin\youpin_server\app\public
2022-11-30 09:22:31,070 INFO 12472 [egg-security] use methodnoallow middleware
2022-11-30 09:22:31,072 INFO 12472 [egg-security] use noopen middleware
2022-11-30 09:22:31,074 INFO 12472 [egg-security] use nosniff middleware
2022-11-30 09:22:31,076 INFO 12472 [egg-security] use xssProtection middleware
2022-11-30 09:22:31,077 INFO 12472 [egg-security] use xframe middleware
2022-11-30 09:22:31,078 INFO 12472 [egg-security] use dta middleware
2022-11-30 09:22:31,078 INFO 12472 [egg-security] compose 6 middlewares into one security middleware
2022-11-30 09:22:31,269 INFO 12472 [egg:core] dump config after load, 74ms
2022-11-30 09:22:31,520 INFO 12472 [egg-watcher:application] watcher start success
2022-11-30 09:22:31,538 INFO 12472 [egg-mysql] instance[0] status OK, rds currentTime: Wed Nov 30 2022 09:22:31 GMT+0800 (中国标准时间)
2022-11-30 09:22:31,559 INFO 12472 [egg:core] dump config after ready, 16ms
2022-11-30 09:22:37,139 INFO 12768 [egg:logger] init all loggers with options: {"dir":"C:\\Users\\admin\\OneDrive\\桌面\\reax\\youpin\\youpin_server\\logs\\eggmysqlajax","encoding":"utf8","env":"local","level":"INFO","consoleLevel":"INFO","disableConsoleAfterReady":false,"outputJSON":false,"buffer":true,"appLogName":"eggmysqlajax-web.log","coreLogName":"egg-web.log","agentLogName":"egg-agent.log","errorLogName":"common-error.log","coreLogger":{"consoleLevel":"WARN"},"allowDebugAtProd":false,"enablePerformanceTimer":false,"type":"application"}
2022-11-30 09:22:37,508 INFO 12768 [egg-multipart] file mode enable
2022-11-30 09:22:37,508 INFO 12768 [egg-multipart] will save temporary files to "C:\\Users\\admin\\AppData\\Local\\Temp\\egg-multipart-tmp\\eggmysqlajax", cleanup job cron: "0 30 4 * * *"
2022-11-30 09:22:37,509 INFO 12768 [egg-mysql] connecting lan@localhost:3306/xiaomi
2022-11-30 09:22:38,504 INFO 12768 [egg-static] starting static serve /public/ -> C:\Users\admin\OneDrive\桌面\reax\youpin\youpin_server\app\public
2022-11-30 09:22:38,510 INFO 12768 [egg-security] use methodnoallow middleware
2022-11-30 09:22:38,513 INFO 12768 [egg-security] use noopen middleware
2022-11-30 09:22:38,518 INFO 12768 [egg-security] use nosniff middleware
2022-11-30 09:22:38,520 INFO 12768 [egg-security] use xssProtection middleware
2022-11-30 09:22:38,522 INFO 12768 [egg-security] use xframe middleware
2022-11-30 09:22:38,523 INFO 12768 [egg-security] use dta middleware
2022-11-30 09:22:38,524 INFO 12768 [egg-security] compose 6 middlewares into one security middleware
2022-11-30 09:22:38,603 INFO 12768 [egg:core] dump config after load, 51ms
2022-11-30 09:22:38,690 INFO 12768 [egg-watcher:application] watcher start success
2022-11-30 09:22:38,701 INFO 12768 [egg-mysql] instance[0] status OK, rds currentTime: Wed Nov 30 2022 09:22:38 GMT+0800 (中国标准时间)
2022-11-30 09:22:38,755 INFO 12768 [egg:core] dump config after ready, 24ms
>>>>>>> a6d470befcb0bdc99f3108692483b7e84531ec0f
2022-11-30 09:34:40,490 INFO 5736 [egg:logger] init all loggers with options: {"dir":"C:\\Users\\qxy\\Desktop\\xiaomiyoupin\\youpin\\youpin_server\\logs\\eggmysqlajax","encoding":"utf8","env":"local","level":"INFO","consoleLevel":"INFO","disableConsoleAfterReady":false,"outputJSON":false,"buffer":true,"appLogName":"eggmysqlajax-web.log","coreLogName":"egg-web.log","agentLogName":"egg-agent.log","errorLogName":"common-error.log","coreLogger":{"consoleLevel":"WARN"},"allowDebugAtProd":false,"enablePerformanceTimer":false,"type":"application"}
2022-11-30 09:34:40,584 INFO 5736 [egg-multipart] file mode enable
2022-11-30 09:34:40,584 INFO 5736 [egg-multipart] will save temporary files to "C:\\Users\\qxy\\AppData\\Local\\Temp\\egg-multipart-tmp\\eggmysqlajax", cleanup job cron: "0 30 4 * * *"
2022-11-30 09:34:40,585 INFO 5736 [egg-mysql] connecting root@localhost:3306/youpin
2022-11-30 09:34:42,251 INFO 5736 [egg-static] starting static serve /public/ -> C:\Users\qxy\Desktop\xiaomiyoupin\youpin\youpin_server\app\public
2022-11-30 09:34:42,262 INFO 5736 [egg-security] use methodnoallow middleware
2022-11-30 09:34:42,264 INFO 5736 [egg-security] use noopen middleware
2022-11-30 09:34:42,275 INFO 5736 [egg-security] use nosniff middleware
2022-11-30 09:34:42,279 INFO 5736 [egg-security] use xssProtection middleware
2022-11-30 09:34:42,281 INFO 5736 [egg-security] use xframe middleware
2022-11-30 09:34:42,289 INFO 5736 [egg-security] use dta middleware
2022-11-30 09:34:42,289 INFO 5736 [egg-security] compose 6 middlewares into one security middleware
2022-11-30 09:34:42,372 INFO 5736 [egg:core] dump config after load, 9ms
2022-11-30 09:34:42,399 INFO 5736 [egg-watcher:application] watcher start success
2022-11-30 09:34:42,407 INFO 5736 [egg-mysql] instance[0] status OK, rds currentTime: Wed Nov 30 2022 09:34:42 GMT+0800 (中国标准时间)
2022-11-30 09:34:42,421 INFO 5736 [egg:core] dump config after ready, 12ms
2022-11-30 09:36:18,403 INFO 5260 [egg:logger] init all loggers with options: {"dir":"C:\\Users\\qxy\\Desktop\\xiaomiyoupin\\youpin\\youpin_server\\logs\\eggmysqlajax","encoding":"utf8","env":"local","level":"INFO","consoleLevel":"INFO","disableConsoleAfterReady":false,"outputJSON":false,"buffer":true,"appLogName":"eggmysqlajax-web.log","coreLogName":"egg-web.log","agentLogName":"egg-agent.log","errorLogName":"common-error.log","coreLogger":{"consoleLevel":"WARN"},"allowDebugAtProd":false,"enablePerformanceTimer":false,"type":"application"}
2022-11-30 09:36:18,448 INFO 5260 [egg-multipart] file mode enable
2022-11-30 09:36:18,448 INFO 5260 [egg-multipart] will save temporary files to "C:\\Users\\qxy\\AppData\\Local\\Temp\\egg-multipart-tmp\\eggmysqlajax", cleanup job cron: "0 30 4 * * *"
2022-11-30 09:36:18,448 INFO 5260 [egg-mysql] connecting root@localhost:3306/youpin
2022-11-30 09:36:18,793 INFO 5260 [egg-static] starting static serve /public/ -> C:\Users\qxy\Desktop\xiaomiyoupin\youpin\youpin_server\app\public
2022-11-30 09:36:18,797 INFO 5260 [egg-security] use methodnoallow middleware
2022-11-30 09:36:18,799 INFO 5260 [egg-security] use noopen middleware
2022-11-30 09:36:18,801 INFO 5260 [egg-security] use nosniff middleware
2022-11-30 09:36:18,802 INFO 5260 [egg-security] use xssProtection middleware
2022-11-30 09:36:18,803 INFO 5260 [egg-security] use xframe middleware
2022-11-30 09:36:18,803 INFO 5260 [egg-security] use dta middleware
2022-11-30 09:36:18,804 INFO 5260 [egg-security] compose 6 middlewares into one security middleware
2022-11-30 09:36:18,825 INFO 5260 [egg:core] dump config after load, 5ms
2022-11-30 09:36:18,850 INFO 5260 [egg-watcher:application] watcher start success
2022-11-30 09:36:18,852 INFO 5260 [egg-mysql] instance[0] status OK, rds currentTime: Wed Nov 30 2022 09:36:18 GMT+0800 (中国标准时间)
2022-11-30 09:36:18,865 INFO 5260 [egg:core] dump config after ready, 10ms
2022-11-30 10:15:26,936 INFO 15316 [egg:logger] init all loggers with options: {"dir":"C:\\Users\\qxy\\Desktop\\xiaomiyoupin\\youpin\\youpin_server\\logs\\eggmysqlajax","encoding":"utf8","env":"local","level":"INFO","consoleLevel":"INFO","disableConsoleAfterReady":false,"outputJSON":false,"buffer":true,"appLogName":"eggmysqlajax-web.log","coreLogName":"egg-web.log","agentLogName":"egg-agent.log","errorLogName":"common-error.log","coreLogger":{"consoleLevel":"WARN"},"allowDebugAtProd":false,"enablePerformanceTimer":false,"type":"application"}
2022-11-30 10:15:27,050 INFO 15316 [egg-multipart] file mode enable
2022-11-30 10:15:27,050 INFO 15316 [egg-multipart] will save temporary files to "C:\\Users\\qxy\\AppData\\Local\\Temp\\egg-multipart-tmp\\eggmysqlajax", cleanup job cron: "0 30 4 * * *"
2022-11-30 10:15:27,050 INFO 15316 [egg-mysql] connecting root@localhost:3306/youpin
2022-11-30 10:15:28,837 INFO 15316 [egg-static] starting static serve /public/ -> C:\Users\qxy\Desktop\xiaomiyoupin\youpin\youpin_server\app\public
2022-11-30 10:15:28,847 INFO 15316 [egg-security] use methodnoallow middleware
2022-11-30 10:15:28,854 INFO 15316 [egg-security] use noopen middleware
2022-11-30 10:15:28,862 INFO 15316 [egg-security] use nosniff middleware
2022-11-30 10:15:28,870 INFO 15316 [egg-security] use xssProtection middleware
2022-11-30 10:15:28,876 INFO 15316 [egg-security] use xframe middleware
2022-11-30 10:15:28,884 INFO 15316 [egg-security] use dta middleware
2022-11-30 10:15:28,884 INFO 15316 [egg-security] compose 6 middlewares into one security middleware
2022-11-30 10:15:28,966 INFO 15316 [egg:core] dump config after load, 5ms
2022-11-30 10:15:28,993 INFO 15316 [egg-watcher:application] watcher start success
2022-11-30 10:15:28,999 INFO 15316 [egg-mysql] instance[0] status OK, rds currentTime: Wed Nov 30 2022 10:15:28 GMT+0800 (中国标准时间)
2022-11-30 10:15:29,009 INFO 15316 [egg:core] dump config after ready, 8ms
2022-11-30 10:15:30,612 INFO 3124 [egg:logger] init all loggers with options: {"dir":"C:\\Users\\qxy\\Desktop\\xiaomiyoupin\\youpin\\youpin_server\\logs\\eggmysqlajax","encoding":"utf8","env":"local","level":"INFO","consoleLevel":"INFO","disableConsoleAfterReady":false,"outputJSON":false,"buffer":true,"appLogName":"eggmysqlajax-web.log","coreLogName":"egg-web.log","agentLogName":"egg-agent.log","errorLogName":"common-error.log","coreLogger":{"consoleLevel":"WARN"},"allowDebugAtProd":false,"enablePerformanceTimer":false,"type":"application"}
2022-11-30 10:15:30,651 INFO 3124 [egg-multipart] file mode enable
2022-11-30 10:15:30,651 INFO 3124 [egg-multipart] will save temporary files to "C:\\Users\\qxy\\AppData\\Local\\Temp\\egg-multipart-tmp\\eggmysqlajax", cleanup job cron: "0 30 4 * * *"
2022-11-30 10:15:30,652 INFO 3124 [egg-mysql] connecting root@localhost:3306/youpin
2022-11-30 10:15:30,981 INFO 3124 [egg-static] starting static serve /public/ -> C:\Users\qxy\Desktop\xiaomiyoupin\youpin\youpin_server\app\public
2022-11-30 10:15:30,985 INFO 3124 [egg-security] use methodnoallow middleware
2022-11-30 10:15:30,986 INFO 3124 [egg-security] use noopen middleware
2022-11-30 10:15:30,989 INFO 3124 [egg-security] use nosniff middleware
2022-11-30 10:15:30,990 INFO 3124 [egg-security] use xssProtection middleware
2022-11-30 10:15:30,991 INFO 3124 [egg-security] use xframe middleware
2022-11-30 10:15:30,993 INFO 3124 [egg-security] use dta middleware
2022-11-30 10:15:30,993 INFO 3124 [egg-security] compose 6 middlewares into one security middleware
2022-11-30 10:15:31,014 INFO 3124 [egg:core] dump config after load, 6ms
2022-11-30 10:15:31,038 INFO 3124 [egg-watcher:application] watcher start success
2022-11-30 10:15:31,042 INFO 3124 [egg-mysql] instance[0] status OK, rds currentTime: Wed Nov 30 2022 10:15:31 GMT+0800 (中国标准时间)
2022-11-30 10:15:31,052 INFO 3124 [egg:core] dump config after ready, 8ms
2022-11-30 10:15:32,620 INFO 20132 [egg:logger] init all loggers with options: {"dir":"C:\\Users\\qxy\\Desktop\\xiaomiyoupin\\youpin\\youpin_server\\logs\\eggmysqlajax","encoding":"utf8","env":"local","level":"INFO","consoleLevel":"INFO","disableConsoleAfterReady":false,"outputJSON":false,"buffer":true,"appLogName":"eggmysqlajax-web.log","coreLogName":"egg-web.log","agentLogName":"egg-agent.log","errorLogName":"common-error.log","coreLogger":{"consoleLevel":"WARN"},"allowDebugAtProd":false,"enablePerformanceTimer":false,"type":"application"}
2022-11-30 10:15:32,658 INFO 20132 [egg-multipart] file mode enable
2022-11-30 10:15:32,658 INFO 20132 [egg-multipart] will save temporary files to "C:\\Users\\qxy\\AppData\\Local\\Temp\\egg-multipart-tmp\\eggmysqlajax", cleanup job cron: "0 30 4 * * *"
2022-11-30 10:15:32,659 INFO 20132 [egg-mysql] connecting root@localhost:3306/youpin
2022-11-30 10:15:32,967 INFO 20132 [egg-static] starting static serve /public/ -> C:\Users\qxy\Desktop\xiaomiyoupin\youpin\youpin_server\app\public
2022-11-30 10:15:32,971 INFO 20132 [egg-security] use methodnoallow middleware
2022-11-30 10:15:32,973 INFO 20132 [egg-security] use noopen middleware
2022-11-30 10:15:32,975 INFO 20132 [egg-security] use nosniff middleware
2022-11-30 10:15:32,976 INFO 20132 [egg-security] use xssProtection middleware
2022-11-30 10:15:32,977 INFO 20132 [egg-security] use xframe middleware
2022-11-30 10:15:32,978 INFO 20132 [egg-security] use dta middleware
2022-11-30 10:15:32,978 INFO 20132 [egg-security] compose 6 middlewares into one security middleware
2022-11-30 10:15:32,997 INFO 20132 [egg:core] dump config after load, 6ms
2022-11-30 10:15:33,022 INFO 20132 [egg-watcher:application] watcher start success
2022-11-30 10:15:33,024 INFO 20132 [egg-mysql] instance[0] status OK, rds currentTime: Wed Nov 30 2022 10:15:33 GMT+0800 (中国标准时间)
2022-11-30 10:15:33,033 INFO 20132 [egg:core] dump config after ready, 7ms
2022-11-30 10:15:38,981 INFO 6376 [egg:logger] init all loggers with options: {"dir":"C:\\Users\\qxy\\Desktop\\xiaomiyoupin\\youpin\\youpin_server\\logs\\eggmysqlajax","encoding":"utf8","env":"local","level":"INFO","consoleLevel":"INFO","disableConsoleAfterReady":false,"outputJSON":false,"buffer":true,"appLogName":"eggmysqlajax-web.log","coreLogName":"egg-web.log","agentLogName":"egg-agent.log","errorLogName":"common-error.log","coreLogger":{"consoleLevel":"WARN"},"allowDebugAtProd":false,"enablePerformanceTimer":false,"type":"application"}
2022-11-30 10:15:39,026 INFO 6376 [egg-multipart] file mode enable
2022-11-30 10:15:39,026 INFO 6376 [egg-multipart] will save temporary files to "C:\\Users\\qxy\\AppData\\Local\\Temp\\egg-multipart-tmp\\eggmysqlajax", cleanup job cron: "0 30 4 * * *"
2022-11-30 10:15:39,026 INFO 6376 [egg-mysql] connecting root@localhost:3306/youpin
2022-11-30 10:15:39,351 INFO 6376 [egg-static] starting static serve /public/ -> C:\Users\qxy\Desktop\xiaomiyoupin\youpin\youpin_server\app\public
2022-11-30 10:15:39,355 INFO 6376 [egg-security] use methodnoallow middleware
2022-11-30 10:15:39,357 INFO 6376 [egg-security] use noopen middleware
2022-11-30 10:15:39,359 INFO 6376 [egg-security] use nosniff middleware
2022-11-30 10:15:39,360 INFO 6376 [egg-security] use xssProtection middleware
2022-11-30 10:15:39,361 INFO 6376 [egg-security] use xframe middleware
2022-11-30 10:15:39,362 INFO 6376 [egg-security] use dta middleware
2022-11-30 10:15:39,362 INFO 6376 [egg-security] compose 6 middlewares into one security middleware
2022-11-30 10:15:39,390 INFO 6376 [egg:core] dump config after load, 6ms
2022-11-30 10:15:39,415 INFO 6376 [egg-watcher:application] watcher start success
2022-11-30 10:15:39,418 INFO 6376 [egg-mysql] instance[0] status OK, rds currentTime: Wed Nov 30 2022 10:15:39 GMT+0800 (中国标准时间)
2022-11-30 10:15:39,445 INFO 6376 [egg:core] dump config after ready, 25ms
2022-11-30 10:37:10,987 INFO 14340 [egg:logger] init all loggers with options: {"dir":"C:\\Users\\qxy\\Desktop\\xiaomiyoupin\\youpin\\youpin_server\\logs\\eggmysqlajax","encoding":"utf8","env":"local","level":"INFO","consoleLevel":"INFO","disableConsoleAfterReady":false,"outputJSON":false,"buffer":true,"appLogName":"eggmysqlajax-web.log","coreLogName":"egg-web.log","agentLogName":"egg-agent.log","errorLogName":"common-error.log","coreLogger":{"consoleLevel":"WARN"},"allowDebugAtProd":false,"enablePerformanceTimer":false,"type":"application"}
2022-11-30 10:37:11,037 INFO 14340 [egg-multipart] file mode enable
2022-11-30 10:37:11,037 INFO 14340 [egg-multipart] will save temporary files to "C:\\Users\\qxy\\AppData\\Local\\Temp\\egg-multipart-tmp\\eggmysqlajax", cleanup job cron: "0 30 4 * * *"
2022-11-30 10:37:11,038 INFO 14340 [egg-mysql] connecting root@localhost:3306/youpin
2022-11-30 10:37:11,473 INFO 14340 [egg-static] starting static serve /public/ -> C:\Users\qxy\Desktop\xiaomiyoupin\youpin\youpin_server\app\public
2022-11-30 10:37:11,477 INFO 14340 [egg-security] use methodnoallow middleware
2022-11-30 10:37:11,479 INFO 14340 [egg-security] use noopen middleware
2022-11-30 10:37:11,481 INFO 14340 [egg-security] use nosniff middleware
2022-11-30 10:37:11,483 INFO 14340 [egg-security] use xssProtection middleware
2022-11-30 10:37:11,485 INFO 14340 [egg-security] use xframe middleware
2022-11-30 10:37:11,486 INFO 14340 [egg-security] use dta middleware
2022-11-30 10:37:11,487 INFO 14340 [egg-security] compose 6 middlewares into one security middleware
2022-11-30 10:37:11,510 INFO 14340 [egg:core] dump config after load, 7ms
2022-11-30 10:37:11,540 INFO 14340 [egg-watcher:application] watcher start success
2022-11-30 10:37:11,543 INFO 14340 [egg-mysql] instance[0] status OK, rds currentTime: Wed Nov 30 2022 10:37:11 GMT+0800 (中国标准时间)
2022-11-30 10:37:11,556 INFO 14340 [egg:core] dump config after ready, 12ms
2022-11-30 10:37:13,456 INFO 20744 [egg:logger] init all loggers with options: {"dir":"C:\\Users\\qxy\\Desktop\\xiaomiyoupin\\youpin\\youpin_server\\logs\\eggmysqlajax","encoding":"utf8","env":"local","level":"INFO","consoleLevel":"INFO","disableConsoleAfterReady":false,"outputJSON":false,"buffer":true,"appLogName":"eggmysqlajax-web.log","coreLogName":"egg-web.log","agentLogName":"egg-agent.log","errorLogName":"common-error.log","coreLogger":{"consoleLevel":"WARN"},"allowDebugAtProd":false,"enablePerformanceTimer":false,"type":"application"}
2022-11-30 10:37:13,497 INFO 20744 [egg-multipart] file mode enable
2022-11-30 10:37:13,497 INFO 20744 [egg-multipart] will save temporary files to "C:\\Users\\qxy\\AppData\\Local\\Temp\\egg-multipart-tmp\\eggmysqlajax", cleanup job cron: "0 30 4 * * *"
2022-11-30 10:37:13,498 INFO 20744 [egg-mysql] connecting root@localhost:3306/youpin
2022-11-30 10:37:13,822 INFO 20744 [egg-static] starting static serve /public/ -> C:\Users\qxy\Desktop\xiaomiyoupin\youpin\youpin_server\app\public
2022-11-30 10:37:13,825 INFO 20744 [egg-security] use methodnoallow middleware
2022-11-30 10:37:13,827 INFO 20744 [egg-security] use noopen middleware
2022-11-30 10:37:13,829 INFO 20744 [egg-security] use nosniff middleware
2022-11-30 10:37:13,830 INFO 20744 [egg-security] use xssProtection middleware
2022-11-30 10:37:13,831 INFO 20744 [egg-security] use xframe middleware
2022-11-30 10:37:13,832 INFO 20744 [egg-security] use dta middleware
2022-11-30 10:37:13,832 INFO 20744 [egg-security] compose 6 middlewares into one security middleware
2022-11-30 10:37:13,853 INFO 20744 [egg:core] dump config after load, 7ms
2022-11-30 10:37:13,886 INFO 20744 [egg-watcher:application] watcher start success
2022-11-30 10:37:13,888 INFO 20744 [egg-mysql] instance[0] status OK, rds currentTime: Wed Nov 30 2022 10:37:13 GMT+0800 (中国标准时间)
2022-11-30 10:37:13,900 INFO 20744 [egg:core] dump config after ready, 10ms
2022-11-30 10:50:43,084 INFO 17068 [egg:logger] init all loggers with options: {"dir":"C:\\Users\\qxy\\Desktop\\xiaomiyoupin\\youpin\\youpin_server\\logs\\eggmysqlajax","encoding":"utf8","env":"local","level":"INFO","consoleLevel":"INFO","disableConsoleAfterReady":false,"outputJSON":false,"buffer":true,"appLogName":"eggmysqlajax-web.log","coreLogName":"egg-web.log","agentLogName":"egg-agent.log","errorLogName":"common-error.log","coreLogger":{"consoleLevel":"WARN"},"allowDebugAtProd":false,"enablePerformanceTimer":false,"type":"application"}
2022-11-30 10:50:43,138 INFO 17068 [egg-multipart] file mode enable
2022-11-30 10:50:43,138 INFO 17068 [egg-multipart] will save temporary files to "C:\\Users\\qxy\\AppData\\Local\\Temp\\egg-multipart-tmp\\eggmysqlajax", cleanup job cron: "0 30 4 * * *"
2022-11-30 10:50:43,139 INFO 17068 [egg-mysql] connecting root@localhost:3306/youpin
2022-11-30 10:50:43,540 INFO 17068 [egg-static] starting static serve /public/ -> C:\Users\qxy\Desktop\xiaomiyoupin\youpin\youpin_server\app\public
2022-11-30 10:50:43,547 INFO 17068 [egg-security] use methodnoallow middleware
2022-11-30 10:50:43,550 INFO 17068 [egg-security] use noopen middleware
2022-11-30 10:50:43,554 INFO 17068 [egg-security] use nosniff middleware
2022-11-30 10:50:43,556 INFO 17068 [egg-security] use xssProtection middleware
2022-11-30 10:50:43,557 INFO 17068 [egg-security] use xframe middleware
2022-11-30 10:50:43,558 INFO 17068 [egg-security] use dta middleware
2022-11-30 10:50:43,558 INFO 17068 [egg-security] compose 6 middlewares into one security middleware
2022-11-30 10:50:43,585 INFO 17068 [egg:core] dump config after load, 9ms
2022-11-30 10:50:43,639 INFO 17068 [egg-watcher:application] watcher start success
2022-11-30 10:50:43,643 INFO 17068 [egg-mysql] instance[0] status OK, rds currentTime: Wed Nov 30 2022 10:50:43 GMT+0800 (中国标准时间)
2022-11-30 10:50:43,659 INFO 17068 [egg:core] dump config after ready, 12ms
2023-02-08 14:11:09,716 INFO 22252 [egg:logger] init all loggers with options: {"dir":"C:\\Users\\qxy\\Desktop\\xiaomiyoupin\\youpin\\youpin_server\\logs\\eggmysqlajax","encoding":"utf8","env":"local","level":"INFO","consoleLevel":"INFO","disableConsoleAfterReady":false,"outputJSON":false,"buffer":true,"appLogName":"eggmysqlajax-web.log","coreLogName":"egg-web.log","agentLogName":"egg-agent.log","errorLogName":"common-error.log","coreLogger":{"consoleLevel":"WARN"},"allowDebugAtProd":false,"enablePerformanceTimer":false,"type":"application"}
2023-02-08 14:11:09,757 INFO 22252 [egg-multipart] file mode enable
2023-02-08 14:11:09,757 INFO 22252 [egg-multipart] will save temporary files to "C:\\Users\\qxy\\AppData\\Local\\Temp\\egg-multipart-tmp\\eggmysqlajax", cleanup job cron: "0 30 4 * * *"
2023-02-08 14:11:09,757 INFO 22252 [egg-mysql] connecting root@localhost:3306/youpin
2023-02-08 14:11:11,118 INFO 22252 [egg-static] starting static serve /public/ -> C:\Users\qxy\Desktop\xiaomiyoupin\youpin\youpin_server\app\public
2023-02-08 14:11:11,127 INFO 22252 [egg-security] use methodnoallow middleware
2023-02-08 14:11:11,134 INFO 22252 [egg-security] use noopen middleware
2023-02-08 14:11:11,142 INFO 22252 [egg-security] use nosniff middleware
2023-02-08 14:11:11,149 INFO 22252 [egg-security] use xssProtection middleware
2023-02-08 14:11:11,156 INFO 22252 [egg-security] use xframe middleware
2023-02-08 14:11:11,163 INFO 22252 [egg-security] use dta middleware
2023-02-08 14:11:11,163 INFO 22252 [egg-security] compose 6 middlewares into one security middleware
2023-02-08 14:11:11,237 INFO 22252 [egg:core] dump config after load, 7ms
2023-02-08 14:11:11,264 INFO 22252 [egg-watcher:application] watcher start success
2023-02-08 14:11:11,298 INFO 22252 [egg-mysql] instance[0] status OK, rds currentTime: Wed Feb 08 2023 14:11:11 GMT+0800 (中国标准时间)
2023-02-08 14:11:11,310 INFO 22252 [egg:core] dump config after ready, 8ms
2023-02-08 14:11:12,136 INFO 14776 [egg:logger] init all loggers with options: {"dir":"C:\\Users\\qxy\\Desktop\\xiaomiyoupin\\youpin\\youpin_server\\logs\\eggmysqlajax","encoding":"utf8","env":"local","level":"INFO","consoleLevel":"INFO","disableConsoleAfterReady":false,"outputJSON":false,"buffer":true,"appLogName":"eggmysqlajax-web.log","coreLogName":"egg-web.log","agentLogName":"egg-agent.log","errorLogName":"common-error.log","coreLogger":{"consoleLevel":"WARN"},"allowDebugAtProd":false,"enablePerformanceTimer":false,"type":"application"}
2023-02-08 14:11:12,173 INFO 14776 [egg-multipart] file mode enable
2023-02-08 14:11:12,173 INFO 14776 [egg-multipart] will save temporary files to "C:\\Users\\qxy\\AppData\\Local\\Temp\\egg-multipart-tmp\\eggmysqlajax", cleanup job cron: "0 30 4 * * *"
2023-02-08 14:11:12,173 INFO 14776 [egg-mysql] connecting root@localhost:3306/youpin
2023-02-08 14:11:12,481 INFO 14776 [egg-static] starting static serve /public/ -> C:\Users\qxy\Desktop\xiaomiyoupin\youpin\youpin_server\app\public
2023-02-08 14:11:12,485 INFO 14776 [egg-security] use methodnoallow middleware
2023-02-08 14:11:12,486 INFO 14776 [egg-security] use noopen middleware
2023-02-08 14:11:12,488 INFO 14776 [egg-security] use nosniff middleware
2023-02-08 14:11:12,489 INFO 14776 [egg-security] use xssProtection middleware
2023-02-08 14:11:12,490 INFO 14776 [egg-security] use xframe middleware
2023-02-08 14:11:12,491 INFO 14776 [egg-security] use dta middleware
2023-02-08 14:11:12,491 INFO 14776 [egg-security] compose 6 middlewares into one security middleware
2023-02-08 14:11:12,510 INFO 14776 [egg:core] dump config after load, 7ms
2023-02-08 14:11:12,534 INFO 14776 [egg-watcher:application] watcher start success
2023-02-08 14:11:12,537 INFO 14776 [egg-mysql] instance[0] status OK, rds currentTime: Wed Feb 08 2023 14:11:12 GMT+0800 (中国标准时间)
2023-02-08 14:11:12,546 INFO 14776 [egg:core] dump config after ready, 8ms
2023-02-08 14:11:14,031 INFO 18312 [egg:logger] init all loggers with options: {"dir":"C:\\Users\\qxy\\Desktop\\xiaomiyoupin\\youpin\\youpin_server\\logs\\eggmysqlajax","encoding":"utf8","env":"local","level":"INFO","consoleLevel":"INFO","disableConsoleAfterReady":false,"outputJSON":false,"buffer":true,"appLogName":"eggmysqlajax-web.log","coreLogName":"egg-web.log","agentLogName":"egg-agent.log","errorLogName":"common-error.log","coreLogger":{"consoleLevel":"WARN"},"allowDebugAtProd":false,"enablePerformanceTimer":false,"type":"application"}
2023-02-08 14:11:14,069 INFO 18312 [egg-multipart] file mode enable
2023-02-08 14:11:14,069 INFO 18312 [egg-multipart] will save temporary files to "C:\\Users\\qxy\\AppData\\Local\\Temp\\egg-multipart-tmp\\eggmysqlajax", cleanup job cron: "0 30 4 * * *"
2023-02-08 14:11:14,069 INFO 18312 [egg-mysql] connecting root@localhost:3306/youpin
2023-02-08 14:11:14,369 INFO 18312 [egg-static] starting static serve /public/ -> C:\Users\qxy\Desktop\xiaomiyoupin\youpin\youpin_server\app\public
2023-02-08 14:11:14,373 INFO 18312 [egg-security] use methodnoallow middleware
2023-02-08 14:11:14,374 INFO 18312 [egg-security] use noopen middleware
2023-02-08 14:11:14,376 INFO 18312 [egg-security] use nosniff middleware
2023-02-08 14:11:14,377 INFO 18312 [egg-security] use xssProtection middleware
2023-02-08 14:11:14,378 INFO 18312 [egg-security] use xframe middleware
2023-02-08 14:11:14,379 INFO 18312 [egg-security] use dta middleware
2023-02-08 14:11:14,379 INFO 18312 [egg-security] compose 6 middlewares into one security middleware
2023-02-08 14:11:14,399 INFO 18312 [egg:core] dump config after load, 7ms
2023-02-08 14:11:14,423 INFO 18312 [egg-watcher:application] watcher start success
2023-02-08 14:11:14,426 INFO 18312 [egg-mysql] instance[0] status OK, rds currentTime: Wed Feb 08 2023 14:11:14 GMT+0800 (中国标准时间)
2023-02-08 14:11:14,435 INFO 18312 [egg:core] dump config after ready, 8ms
